This file contains any messages produced by compilers while
running configure, to aid debugging if configure makes a mistake.

It was created by Check configure 0.10.0, which was
generated by GNU Autoconf 2.69.  Invocation command line was

  $ ./configure --no-create --no-recursion

## --------- ##
## Platform. ##
## --------- ##

hostname = nomad
uname -m = x86_64
uname -r = 4.2.2-1-ARCH
uname -s = Linux
uname -v = #1 SMP PREEMPT Tue Sep 29 22:21:33 CEST 2015

/usr/bin/uname -p = unknown
/bin/uname -X     = unknown

/bin/arch              = unknown
/usr/bin/arch -k       = unknown
/usr/convex/getsysinfo = unknown
/usr/bin/hostinfo      = unknown
/bin/machine           = unknown
/usr/bin/oslevel       = unknown
/bin/universe          = unknown

PATH: /usr/local/sbin
PATH: /usr/local/bin
PATH: /usr/bin
PATH: /opt/nessus/bin
PATH: /opt/nessus/sbin
PATH: /usr/bin/site_perl
PATH: /usr/bin/vendor_perl
PATH: /usr/bin/core_perl


## ----------- ##
## Core tests. ##
## ----------- ##

configure:2731: checking for a BSD-compatible install
configure:2799: result: /usr/bin/install -c
configure:2810: checking whether build environment is sane
configure:2860: result: yes
configure:3001: checking for a thread-safe mkdir -p
configure:3040: result: /usr/bin/mkdir -p
configure:3053: checking for gawk
configure:3069: found /usr/bin/gawk
configure:3080: result: gawk
configure:3091: checking whether make sets $(MAKE)
configure:3113: result: yes
configure:3210: checking for style of include used by make
configure:3238: result: GNU
configure:3309: checking for gcc
configure:3325: found /usr/bin/gcc
configure:3336: result: gcc
configure:3565: checking for C compiler version
configure:3574: gcc --version >&5
gcc (GCC) 5.2.0
Copyright (C) 2015 Free Software Foundation, Inc.
This is free software; see the source for copying conditions.  There is NO
warranty; not even for MERCHANTABILITY or FITNESS FOR A PARTICULAR PURPOSE.

configure:3585: $? = 0
configure:3574: gcc -v >&5
Using built-in specs.
COLLECT_GCC=gcc
COLLECT_LTO_WRAPPER=/usr/lib/gcc/x86_64-unknown-linux-gnu/5.2.0/lto-wrapper
Target: x86_64-unknown-linux-gnu
Configured with: /build/gcc/src/gcc-5.2.0/configure --prefix=/usr --libdir=/usr/lib --libexecdir=/usr/lib --mandir=/usr/share/man --infodir=/usr/share/info --with-bugurl=https://bugs.archlinux.org/ --enable-languages=c,c++,ada,fortran,go,lto,objc,obj-c++ --enable-shared --enable-threads=posix --enable-libmpx --with-system-zlib --with-isl --enable-__cxa_atexit --disable-libunwind-exceptions --enable-clocale=gnu --disable-libstdcxx-pch --disable-libssp --enable-gnu-unique-object --enable-linker-build-id --enable-lto --enable-plugin --enable-install-libiberty --with-linker-hash-style=gnu --enable-gnu-indirect-function --disable-multilib --disable-werror --enable-checking=release --with-default-libstdcxx-abi=gcc4-compatible
Thread model: posix
gcc version 5.2.0 (GCC) 
configure:3585: $? = 0
configure:3574: gcc -V >&5
gcc: error: unrecognized command line option '-V'
gcc: fatal error: no input files
compilation terminated.
configure:3585: $? = 1
configure:3574: gcc -qversion >&5
gcc: error: unrecognized command line option '-qversion'
gcc: fatal error: no input files
compilation terminated.
configure:3585: $? = 1
configure:3605: checking whether the C compiler works
configure:3627: gcc    conftest.c  >&5
configure:3631: $? = 0
configure:3679: result: yes
configure:3682: checking for C compiler default output file name
configure:3684: result: a.out
configure:3690: checking for suffix of executables
configure:3697: gcc -o conftest    conftest.c  >&5
configure:3701: $? = 0
configure:3723: result: 
configure:3745: checking whether we are cross compiling
configure:3753: gcc -o conftest    conftest.c  >&5
configure:3757: $? = 0
configure:3764: ./conftest
configure:3768: $? = 0
configure:3783: result: no
configure:3788: checking for suffix of object files
configure:3810: gcc -c   conftest.c >&5
configure:3814: $? = 0
configure:3835: result: o
configure:3839: checking whether we are using the GNU C compiler
configure:3858: gcc -c   conftest.c >&5
configure:3858: $? = 0
configure:3867: result: yes
configure:3876: checking whether gcc accepts -g
configure:3896: gcc -c -g  conftest.c >&5
configure:3896: $? = 0
configure:3937: result: yes
configure:3954: checking for gcc option to accept ISO C89
configure:4017: gcc  -c -g -O2  conftest.c >&5
configure:4017: $? = 0
configure:4030: result: none needed
configure:4052: checking dependency style of gcc
configure:4163: result: gcc3
configure:4184: checking how to run the C preprocessor
configure:4215: gcc -E  conftest.c
configure:4215: $? = 0
configure:4229: gcc -E  conftest.c
conftest.c:11:28: fatal error: ac_nonexistent.h: No such file or directory
compilation terminated.
configure:4229: $? = 1
configure: failed program was:
| /* confdefs.h */
| #define PACKAGE_NAME "Check"
| #define PACKAGE_TARNAME "check"
| #define PACKAGE_VERSION "0.10.0"
| #define PACKAGE_STRING "Check 0.10.0"
| #define PACKAGE_BUGREPORT "check-devel at lists dot sourceforge dot net"
| #define PACKAGE_URL ""
| #define PACKAGE "check"
| #define VERSION "0.10.0"
| /* end confdefs.h.  */
| #include <ac_nonexistent.h>
configure:4254: result: gcc -E
configure:4274: gcc -E  conftest.c
configure:4274: $? = 0
configure:4288: gcc -E  conftest.c
conftest.c:11:28: fatal error: ac_nonexistent.h: No such file or directory
compilation terminated.
configure:4288: $? = 1
configure: failed program was:
| /* confdefs.h */
| #define PACKAGE_NAME "Check"
| #define PACKAGE_TARNAME "check"
| #define PACKAGE_VERSION "0.10.0"
| #define PACKAGE_STRING "Check 0.10.0"
| #define PACKAGE_BUGREPORT "check-devel at lists dot sourceforge dot net"
| #define PACKAGE_URL ""
| #define PACKAGE "check"
| #define VERSION "0.10.0"
| /* end confdefs.h.  */
| #include <ac_nonexistent.h>
configure:4317: checking for grep that handles long lines and -e
configure:4375: result: /usr/bin/grep
configure:4380: checking for egrep
configure:4442: result: /usr/bin/grep -E
configure:4447: checking for ANSI C header files
configure:4467: gcc -c -g -O2  conftest.c >&5
configure:4467: $? = 0
configure:4540: gcc -o conftest -g -O2   conftest.c  >&5
configure:4540: $? = 0
configure:4540: ./conftest
configure:4540: $? = 0
configure:4551: result: yes
configure:4564: checking for sys/types.h
configure:4564: gcc -c -g -O2  conftest.c >&5
configure:4564: $? = 0
configure:4564: result: yes
configure:4564: checking for sys/stat.h
configure:4564: gcc -c -g -O2  conftest.c >&5
configure:4564: $? = 0
configure:4564: result: yes
configure:4564: checking for stdlib.h
configure:4564: gcc -c -g -O2  conftest.c >&5
configure:4564: $? = 0
configure:4564: result: yes
configure:4564: checking for string.h
configure:4564: gcc -c -g -O2  conftest.c >&5
configure:4564: $? = 0
configure:4564: result: yes
configure:4564: checking for memory.h
configure:4564: gcc -c -g -O2  conftest.c >&5
configure:4564: $? = 0
configure:4564: result: yes
configure:4564: checking for strings.h
configure:4564: gcc -c -g -O2  conftest.c >&5
configure:4564: $? = 0
configure:4564: result: yes
configure:4564: checking for inttypes.h
configure:4564: gcc -c -g -O2  conftest.c >&5
configure:4564: $? = 0
configure:4564: result: yes
configure:4564: checking for stdint.h
configure:4564: gcc -c -g -O2  conftest.c >&5
configure:4564: $? = 0
configure:4564: result: yes
configure:4564: checking for unistd.h
configure:4564: gcc -c -g -O2  conftest.c >&5
configure:4564: $? = 0
configure:4564: result: yes
configure:4577: checking minix/config.h usability
configure:4577: gcc -c -g -O2  conftest.c >&5
conftest.c:54:26: fatal error: minix/config.h: No such file or directory
compilation terminated.
configure:4577: $? = 1
configure: failed program was:
| /* confdefs.h */
| #define PACKAGE_NAME "Check"
| #define PACKAGE_TARNAME "check"
| #define PACKAGE_VERSION "0.10.0"
| #define PACKAGE_STRING "Check 0.10.0"
| #define PACKAGE_BUGREPORT "check-devel at lists dot sourceforge dot net"
| #define PACKAGE_URL ""
| #define PACKAGE "check"
| #define VERSION "0.10.0"
| #define STDC_HEADERS 1
| #define HAVE_SYS_TYPES_H 1
| #define HAVE_SYS_STAT_H 1
| #define HAVE_STDLIB_H 1
| #define HAVE_STRING_H 1
| #define HAVE_MEMORY_H 1
| #define HAVE_STRINGS_H 1
| #define HAVE_INTTYPES_H 1
| #define HAVE_STDINT_H 1
| #define HAVE_UNISTD_H 1
| /* end confdefs.h.  */
| #include <stdio.h>
| #ifdef HAVE_SYS_TYPES_H
| # include <sys/types.h>
| #endif
| #ifdef HAVE_SYS_STAT_H
| # include <sys/stat.h>
| #endif
| #ifdef STDC_HEADERS
| # include <stdlib.h>
| # include <stddef.h>
| #else
| # ifdef HAVE_STDLIB_H
| #  include <stdlib.h>
| # endif
| #endif
| #ifdef HAVE_STRING_H
| # if !defined STDC_HEADERS && defined HAVE_MEMORY_H
| #  include <memory.h>
| # endif
| # include <string.h>
| #endif
| #ifdef HAVE_STRINGS_H
| # include <strings.h>
| #endif
| #ifdef HAVE_INTTYPES_H
| # include <inttypes.h>
| #endif
| #ifdef HAVE_STDINT_H
| # include <stdint.h>
| #endif
| #ifdef HAVE_UNISTD_H
| # include <unistd.h>
| #endif
| #include <minix/config.h>
configure:4577: result: no
configure:4577: checking minix/config.h presence
configure:4577: gcc -E  conftest.c
conftest.c:21:26: fatal error: minix/config.h: No such file or directory
compilation terminated.
configure:4577: $? = 1
configure: failed program was:
| /* confdefs.h */
| #define PACKAGE_NAME "Check"
| #define PACKAGE_TARNAME "check"
| #define PACKAGE_VERSION "0.10.0"
| #define PACKAGE_STRING "Check 0.10.0"
| #define PACKAGE_BUGREPORT "check-devel at lists dot sourceforge dot net"
| #define PACKAGE_URL ""
| #define PACKAGE "check"
| #define VERSION "0.10.0"
| #define STDC_HEADERS 1
| #define HAVE_SYS_TYPES_H 1
| #define HAVE_SYS_STAT_H 1
| #define HAVE_STDLIB_H 1
| #define HAVE_STRING_H 1
| #define HAVE_MEMORY_H 1
| #define HAVE_STRINGS_H 1
| #define HAVE_INTTYPES_H 1
| #define HAVE_STDINT_H 1
| #define HAVE_UNISTD_H 1
| /* end confdefs.h.  */
| #include <minix/config.h>
configure:4577: result: no
configure:4577: checking for minix/config.h
configure:4577: result: no
configure:4598: checking whether it is safe to define __EXTENSIONS__
configure:4616: gcc -c -g -O2  conftest.c >&5
configure:4616: $? = 0
configure:4623: result: yes
configure:4656: checking whether make supports nested variables
configure:4673: result: yes
configure:4797: checking for a sed that does not truncate output
configure:4861: result: /usr/bin/sed
configure:4870: checking for gawk
configure:4897: result: gawk
configure:4956: checking for gcc
configure:4983: result: gcc
configure:5212: checking for C compiler version
configure:5221: gcc --version >&5
gcc (GCC) 5.2.0
Copyright (C) 2015 Free Software Foundation, Inc.
This is free software; see the source for copying conditions.  There is NO
warranty; not even for MERCHANTABILITY or FITNESS FOR A PARTICULAR PURPOSE.

configure:5232: $? = 0
configure:5221: gcc -v >&5
Using built-in specs.
COLLECT_GCC=gcc
COLLECT_LTO_WRAPPER=/usr/lib/gcc/x86_64-unknown-linux-gnu/5.2.0/lto-wrapper
Target: x86_64-unknown-linux-gnu
Configured with: /build/gcc/src/gcc-5.2.0/configure --prefix=/usr --libdir=/usr/lib --libexecdir=/usr/lib --mandir=/usr/share/man --infodir=/usr/share/info --with-bugurl=https://bugs.archlinux.org/ --enable-languages=c,c++,ada,fortran,go,lto,objc,obj-c++ --enable-shared --enable-threads=posix --enable-libmpx --with-system-zlib --with-isl --enable-__cxa_atexit --disable-libunwind-exceptions --enable-clocale=gnu --disable-libstdcxx-pch --disable-libssp --enable-gnu-unique-object --enable-linker-build-id --enable-lto --enable-plugin --enable-install-libiberty --with-linker-hash-style=gnu --enable-gnu-indirect-function --disable-multilib --disable-werror --enable-checking=release --with-default-libstdcxx-abi=gcc4-compatible
Thread model: posix
gcc version 5.2.0 (GCC) 
configure:5232: $? = 0
configure:5221: gcc -V >&5
gcc: error: unrecognized command line option '-V'
gcc: fatal error: no input files
compilation terminated.
configure:5232: $? = 1
configure:5221: gcc -qversion >&5
gcc: error: unrecognized command line option '-qversion'
gcc: fatal error: no input files
compilation terminated.
configure:5232: $? = 1
configure:5236: checking whether we are using the GNU C compiler
configure:5264: result: yes
configure:5273: checking whether gcc accepts -g
configure:5334: result: yes
configure:5351: checking for gcc option to accept ISO C89
configure:5427: result: none needed
configure:5449: checking dependency style of gcc
configure:5560: result: gcc3
configure:5577: checking whether gcc and cc understand -c and -o together
configure:5608: gcc -c conftest.c -o conftest2.o >&5
configure:5612: $? = 0
configure:5618: gcc -c conftest.c -o conftest2.o >&5
configure:5622: $? = 0
configure:5633: cc -c conftest.c >&5
configure:5637: $? = 0
configure:5645: cc -c conftest.c -o conftest2.o >&5
configure:5649: $? = 0
configure:5655: cc -c conftest.c -o conftest2.o >&5
configure:5659: $? = 0
configure:5677: result: yes
configure:5703: checking whether ln -s works
configure:5707: result: yes
configure:5765: checking for ar
configure:5781: found /usr/bin/ar
configure:5792: result: ar
configure:5818: checking the archiver (ar) interface
configure:5828: gcc -c -g -O2  conftest.c >&5
configure:5828: $? = 0
configure:5830: ar cru libconftest.a conftest.o >&5
ar: `u' modifier ignored since `D' is the default (see `U')
configure:5833: $? = 0
configure:5856: result: ar
configure:5905: checking build system type
configure:5919: result: x86_64-unknown-linux-gnu
configure:5939: checking host system type
configure:5952: result: x86_64-unknown-linux-gnu
configure:5993: checking how to print strings
configure:6020: result: printf
configure:6041: checking for a sed that does not truncate output
configure:6105: result: /usr/bin/sed
configure:6123: checking for fgrep
configure:6185: result: /usr/bin/grep -F
configure:6220: checking for ld used by gcc
configure:6287: result: /usr/bin/ld
configure:6294: checking if the linker (/usr/bin/ld) is GNU ld
configure:6309: result: yes
configure:6321: checking for BSD- or MS-compatible name lister (nm)
configure:6370: result: /usr/bin/nm -B
configure:6500: checking the name lister (/usr/bin/nm -B) interface
configure:6507: gcc -c -g -O2  conftest.c >&5
configure:6510: /usr/bin/nm -B "conftest.o"
configure:6513: output
0000000000000000 B some_variable
configure:6520: result: BSD nm
configure:6524: checking the maximum length of command line arguments
configure:6654: result: 1572864
configure:6671: checking whether the shell understands some XSI constructs
configure:6681: result: yes
configure:6685: checking whether the shell understands "+="
configure:6691: result: yes
configure:6726: checking how to convert x86_64-unknown-linux-gnu file names to x86_64-unknown-linux-gnu format
configure:6766: result: func_convert_file_noop
configure:6773: checking how to convert x86_64-unknown-linux-gnu file names to toolchain format
configure:6793: result: func_convert_file_noop
configure:6800: checking for /usr/bin/ld option to reload object files
configure:6807: result: -r
configure:6881: checking for objdump
configure:6897: found /usr/bin/objdump
configure:6908: result: objdump
configure:6940: checking how to recognize dependent libraries
configure:7142: result: pass_all
configure:7227: checking for dlltool
configure:7257: result: no
configure:7287: checking how to associate runtime and link libraries
configure:7314: result: printf %s\n
configure:7438: checking for archiver @FILE support
configure:7455: gcc -c -g -O2  conftest.c >&5
configure:7455: $? = 0
configure:7458: ar cru libconftest.a @conftest.lst >&5
ar: `u' modifier ignored since `D' is the default (see `U')
configure:7461: $? = 0
configure:7466: ar cru libconftest.a @conftest.lst >&5
ar: `u' modifier ignored since `D' is the default (see `U')
ar: conftest.o: No such file or directory
configure:7469: $? = 1
configure:7481: result: @
configure:7539: checking for strip
configure:7555: found /usr/bin/strip
configure:7566: result: strip
configure:7638: checking for ranlib
configure:7654: found /usr/bin/ranlib
configure:7665: result: ranlib
configure:7767: checking command to parse /usr/bin/nm -B output from gcc object
configure:7887: gcc -c -g -O2  conftest.c >&5
configure:7890: $? = 0
configure:7894: /usr/bin/nm -B conftest.o \| sed -n -e 's/^.*[ ]\([ABCDGIRSTW][ABCDGIRSTW]*\)[ ][ ]*\([_A-Za-z][_A-Za-z0-9]*\)$/\1 \2 \2/p' | sed '/ __gnu_lto/d' \> conftest.nm
configure:7897: $? = 0
configure:7963: gcc -o conftest -g -O2   conftest.c conftstm.o >&5
configure:7966: $? = 0
configure:8004: result: ok
configure:8041: checking for sysroot
configure:8071: result: no
configure:8148: gcc -c -g -O2  conftest.c >&5
configure:8151: $? = 0
configure:8327: checking for mt
configure:8357: result: no
configure:8377: checking if : is a manifest tool
configure:8383: : '-?'
configure:8391: result: no
configure:9030: checking for dlfcn.h
configure:9030: gcc -c -g -O2  conftest.c >&5
configure:9030: $? = 0
configure:9030: result: yes
configure:9236: checking for objdir
configure:9251: result: .libs
configure:9522: checking if gcc supports -fno-rtti -fno-exceptions
configure:9540: gcc -c -g -O2  -fno-rtti -fno-exceptions conftest.c >&5
cc1: warning: command line option '-fno-rtti' is valid for C++/ObjC++ but not for C
configure:9544: $? = 0
configure:9557: result: no
configure:9884: checking for gcc option to produce PIC
configure:9891: result: -fPIC -DPIC
configure:9899: checking if gcc PIC flag -fPIC -DPIC works
configure:9917: gcc -c -g -O2  -fPIC -DPIC -DPIC conftest.c >&5
configure:9921: $? = 0
configure:9934: result: yes
configure:9963: checking if gcc static flag -static works
configure:9991: result: yes
configure:10006: checking if gcc supports -c -o file.o
configure:10027: gcc -c -g -O2  -o out/conftest2.o conftest.c >&5
configure:10031: $? = 0
configure:10053: result: yes
configure:10061: checking if gcc supports -c -o file.o
configure:10108: result: yes
configure:10141: checking whether the gcc linker (/usr/bin/ld -m elf_x86_64) supports shared libraries
configure:11298: result: yes
configure:11335: checking whether -lc should be explicitly linked in
configure:11343: gcc -c -g -O2  conftest.c >&5
configure:11346: $? = 0
configure:11361: gcc -shared  -fPIC -DPIC conftest.o  -v -Wl,-soname -Wl,conftest -o conftest 2\>\&1 \| /usr/bin/grep  -lc  \>/dev/null 2\>\&1
configure:11364: $? = 0
configure:11378: result: no
configure:11538: checking dynamic linker characteristics
configure:12049: gcc -o conftest -g -O2   -Wl,-rpath -Wl,/foo conftest.c  >&5
configure:12049: $? = 0
configure:12283: result: GNU/Linux ld.so
configure:12390: checking how to hardcode library paths into programs
configure:12415: result: immediate
configure:12955: checking whether stripping libraries is possible
configure:12960: result: yes
configure:12995: checking if libtool supports shared libraries
configure:12997: result: yes
configure:13000: checking whether to build shared libraries
configure:13021: result: yes
configure:13024: checking whether to build static libraries
configure:13028: result: yes
configure:13084: checking whether the C compiler accepts the -Wextra flag
configure:13113: gcc -c -g -O2 -Wextra  conftest.c >&5
configure:13113: $? = 0
configure:13136: result: yes
configure:13158: checking whether the C compiler accepts the -Wstrict-prototypes flag
configure:13187: gcc -c -g -O2 -Wextra -Wstrict-prototypes  conftest.c >&5
conftest.c:31:1: warning: function declaration isn't a prototype [-Wstrict-prototypes]
 main ()
 ^
configure:13187: $? = 0
configure:13210: result: yes
configure:13232: checking whether the C compiler accepts the -Wmissing-prototypes flag
configure:13261: gcc -c -g -O2 -Wextra -Wstrict-prototypes -Wmissing-prototypes  conftest.c >&5
conftest.c:31:1: warning: function declaration isn't a prototype [-Wstrict-prototypes]
 main ()
 ^
configure:13261: $? = 0
configure:13284: result: yes
configure:13306: checking whether the C compiler accepts the -Wwrite-strings flag
configure:13335: gcc -c -g -O2 -Wextra -Wstrict-prototypes -Wmissing-prototypes -Wwrite-strings  conftest.c >&5
conftest.c:31:1: warning: function declaration isn't a prototype [-Wstrict-prototypes]
 main ()
 ^
configure:13335: $? = 0
configure:13358: result: yes
configure:13380: checking whether the C compiler accepts the -Wno-variadic-macros flag
configure:13409: gcc -c -g -O2 -Wextra -Wstrict-prototypes -Wmissing-prototypes -Wwrite-strings -Wno-variadic-macros  conftest.c >&5
conftest.c:31:1: warning: function declaration isn't a prototype [-Wstrict-prototypes]
 main ()
 ^
configure:13409: $? = 0
configure:13432: result: yes
configure:13454: checking whether the C compiler accepts the -Wimport flag
configure:13483: gcc -c -g -O2 -Wextra -Wstrict-prototypes -Wmissing-prototypes -Wwrite-strings -Wno-variadic-macros -Wimport  conftest.c >&5
conftest.c:31:1: warning: function declaration isn't a prototype [-Wstrict-prototypes]
 main ()
 ^
configure:13483: $? = 0
configure:13506: result: yes
configure:13528: checking whether the C compiler accepts the -Wfatal-errors flag
configure:13557: gcc -c -g -O2 -Wextra -Wstrict-prototypes -Wmissing-prototypes -Wwrite-strings -Wno-variadic-macros -Wimport -Wfatal-errors  conftest.c >&5
conftest.c:31:1: warning: function declaration isn't a prototype [-Wstrict-prototypes]
 main ()
 ^
configure:13557: $? = 0
configure:13580: result: yes
configure:13602: checking whether the C compiler accepts the -Wformat=2 flag
configure:13631: gcc -c -g -O2 -Wextra -Wstrict-prototypes -Wmissing-prototypes -Wwrite-strings -Wno-variadic-macros -Wimport -Wfatal-errors -Wformat=2  conftest.c >&5
conftest.c:31:1: warning: function declaration isn't a prototype [-Wstrict-prototypes]
 main ()
 ^
configure:13631: $? = 0
configure:13654: result: yes
configure:13676: checking whether the C compiler accepts the -Winit-self flag
configure:13705: gcc -c -g -O2 -Wextra -Wstrict-prototypes -Wmissing-prototypes -Wwrite-strings -Wno-variadic-macros -Wimport -Wfatal-errors -Wformat=2 -Winit-self  conftest.c >&5
conftest.c:31:1: warning: function declaration isn't a prototype [-Wstrict-prototypes]
 main ()
 ^
configure:13705: $? = 0
configure:13728: result: yes
configure:13750: checking whether the C compiler accepts the -Wmissing-include-dirs flag
configure:13779: gcc -c -g -O2 -Wextra -Wstrict-prototypes -Wmissing-prototypes -Wwrite-strings -Wno-variadic-macros -Wimport -Wfatal-errors -Wformat=2 -Winit-self -Wmissing-include-dirs  conftest.c >&5
conftest.c:31:1: warning: function declaration isn't a prototype [-Wstrict-prototypes]
 main ()
 ^
configure:13779: $? = 0
configure:13802: result: yes
configure:13824: checking whether the C compiler accepts the -Wswitch-default flag
configure:13853: gcc -c -g -O2 -Wextra -Wstrict-prototypes -Wmissing-prototypes -Wwrite-strings -Wno-variadic-macros -Wimport -Wfatal-errors -Wformat=2 -Winit-self -Wmissing-include-dirs -Wswitch-default  conftest.c >&5
conftest.c:31:1: warning: function declaration isn't a prototype [-Wstrict-prototypes]
 main ()
 ^
configure:13853: $? = 0
configure:13876: result: yes
configure:13898: checking whether the C compiler accepts the -Wunknown-pragmas flag
configure:13927: gcc -c -g -O2 -Wextra -Wstrict-prototypes -Wmissing-prototypes -Wwrite-strings -Wno-variadic-macros -Wimport -Wfatal-errors -Wformat=2 -Winit-self -Wmissing-include-dirs -Wswitch-default -Wunknown-pragmas  conftest.c >&5
conftest.c:31:1: warning: function declaration isn't a prototype [-Wstrict-prototypes]
 main ()
 ^
configure:13927: $? = 0
configure:13950: result: yes
configure:14054: checking for gcov
configure:14070: found /usr/bin/gcov
configure:14081: result: gcov
configure:14097: checking for lcov
configure:14127: result: no
configure:14140: checking for genhtml
configure:14170: result: no
configure:14183: checking for tex
configure:14213: result: no
configure:14226: WARNING: tex not installed: cannot rebuild HTML documentation.
configure:14396: checking for the pthreads library -lpthreads
configure:14429: gcc -o conftest -g -O2 -Wextra -Wstrict-prototypes -Wmissing-prototypes -Wwrite-strings -Wno-variadic-macros -Wimport -Wfatal-errors -Wformat=2 -Winit-self -Wmissing-include-dirs -Wswitch-default -Wunknown-pragmas    conftest.c -lpthreads  >&5
conftest.c:30:1: warning: function declaration isn't a prototype [-Wstrict-prototypes]
 main ()
 ^
conftest.c: In function 'main':
conftest.c:33:22: warning: null argument where non-null required (argument 1) [-Wnonnull]
                      pthread_attr_init(0); pthread_cleanup_push(0, 0);
                      ^
conftest.c:34:22: warning: null argument where non-null required (argument 1) [-Wnonnull]
                      pthread_create(0,0,0,0); pthread_cleanup_pop(0);
                      ^
conftest.c:34:22: warning: null argument where non-null required (argument 3) [-Wnonnull]
conftest.c:32:15: warning: 'th' is used uninitialized in this function [-Wuninitialized]
 pthread_t th; pthread_join(th, 0);
               ^
/usr/bin/ld: cannot find -lpthreads
collect2: error: ld returned 1 exit status
configure:14429: $? = 1
configure: failed program was:
| /* confdefs.h */
| #define PACKAGE_NAME "Check"
| #define PACKAGE_TARNAME "check"
| #define PACKAGE_VERSION "0.10.0"
| #define PACKAGE_STRING "Check 0.10.0"
| #define PACKAGE_BUGREPORT "check-devel at lists dot sourceforge dot net"
| #define PACKAGE_URL ""
| #define PACKAGE "check"
| #define VERSION "0.10.0"
| #define STDC_HEADERS 1
| #define HAVE_SYS_TYPES_H 1
| #define HAVE_SYS_STAT_H 1
| #define HAVE_STDLIB_H 1
| #define HAVE_STRING_H 1
| #define HAVE_MEMORY_H 1
| #define HAVE_STRINGS_H 1
| #define HAVE_INTTYPES_H 1
| #define HAVE_STDINT_H 1
| #define HAVE_UNISTD_H 1
| #define __EXTENSIONS__ 1
| #define _ALL_SOURCE 1
| #define _GNU_SOURCE 1
| #define _POSIX_PTHREAD_SEMANTICS 1
| #define _TANDEM_SOURCE 1
| #define HAVE_DLFCN_H 1
| #define LT_OBJDIR ".libs/"
| /* end confdefs.h.  */
| #include <pthread.h>
| int
| main ()
| {
| pthread_t th; pthread_join(th, 0);
|                      pthread_attr_init(0); pthread_cleanup_push(0, 0);
|                      pthread_create(0,0,0,0); pthread_cleanup_pop(0);
|   ;
|   return 0;
| }
configure:14438: result: no
configure:14341: checking whether pthreads work without any flags
configure:14429: gcc -o conftest -g -O2 -Wextra -Wstrict-prototypes -Wmissing-prototypes -Wwrite-strings -Wno-variadic-macros -Wimport -Wfatal-errors -Wformat=2 -Winit-self -Wmissing-include-dirs -Wswitch-default -Wunknown-pragmas    conftest.c   >&5
conftest.c:30:1: warning: function declaration isn't a prototype [-Wstrict-prototypes]
 main ()
 ^
conftest.c: In function 'main':
conftest.c:33:22: warning: null argument where non-null required (argument 1) [-Wnonnull]
                      pthread_attr_init(0); pthread_cleanup_push(0, 0);
                      ^
conftest.c:34:22: warning: null argument where non-null required (argument 1) [-Wnonnull]
                      pthread_create(0,0,0,0); pthread_cleanup_pop(0);
                      ^
conftest.c:34:22: warning: null argument where non-null required (argument 3) [-Wnonnull]
conftest.c:32:15: warning: 'th' is used uninitialized in this function [-Wuninitialized]
 pthread_t th; pthread_join(th, 0);
               ^
/tmp/ccrUR9Ok.o: In function `main':
/home/n0iz/lem_in/tests/check/conftest.c:32: undefined reference to `pthread_join'
/home/n0iz/lem_in/tests/check/conftest.c:33: undefined reference to `__pthread_register_cancel'
/home/n0iz/lem_in/tests/check/conftest.c:34: undefined reference to `pthread_create'
/home/n0iz/lem_in/tests/check/conftest.c:34: undefined reference to `__pthread_unregister_cancel'
collect2: error: ld returned 1 exit status
configure:14429: $? = 1
configure: failed program was:
| /* confdefs.h */
| #define PACKAGE_NAME "Check"
| #define PACKAGE_TARNAME "check"
| #define PACKAGE_VERSION "0.10.0"
| #define PACKAGE_STRING "Check 0.10.0"
| #define PACKAGE_BUGREPORT "check-devel at lists dot sourceforge dot net"
| #define PACKAGE_URL ""
| #define PACKAGE "check"
| #define VERSION "0.10.0"
| #define STDC_HEADERS 1
| #define HAVE_SYS_TYPES_H 1
| #define HAVE_SYS_STAT_H 1
| #define HAVE_STDLIB_H 1
| #define HAVE_STRING_H 1
| #define HAVE_MEMORY_H 1
| #define HAVE_STRINGS_H 1
| #define HAVE_INTTYPES_H 1
| #define HAVE_STDINT_H 1
| #define HAVE_UNISTD_H 1
| #define __EXTENSIONS__ 1
| #define _ALL_SOURCE 1
| #define _GNU_SOURCE 1
| #define _POSIX_PTHREAD_SEMANTICS 1
| #define _TANDEM_SOURCE 1
| #define HAVE_DLFCN_H 1
| #define LT_OBJDIR ".libs/"
| /* end confdefs.h.  */
| #include <pthread.h>
| int
| main ()
| {
| pthread_t th; pthread_join(th, 0);
|                      pthread_attr_init(0); pthread_cleanup_push(0, 0);
|                      pthread_create(0,0,0,0); pthread_cleanup_pop(0);
|   ;
|   return 0;
| }
configure:14438: result: no
configure:14346: checking whether pthreads work with -Kthread
configure:14429: gcc -o conftest -g -O2 -Wextra -Wstrict-prototypes -Wmissing-prototypes -Wwrite-strings -Wno-variadic-macros -Wimport -Wfatal-errors -Wformat=2 -Winit-self -Wmissing-include-dirs -Wswitch-default -Wunknown-pragmas -Kthread   conftest.c   >&5
gcc: error: unrecognized command line option '-Kthread'
configure:14429: $? = 1
configure: failed program was:
| /* confdefs.h */
| #define PACKAGE_NAME "Check"
| #define PACKAGE_TARNAME "check"
| #define PACKAGE_VERSION "0.10.0"
| #define PACKAGE_STRING "Check 0.10.0"
| #define PACKAGE_BUGREPORT "check-devel at lists dot sourceforge dot net"
| #define PACKAGE_URL ""
| #define PACKAGE "check"
| #define VERSION "0.10.0"
| #define STDC_HEADERS 1
| #define HAVE_SYS_TYPES_H 1
| #define HAVE_SYS_STAT_H 1
| #define HAVE_STDLIB_H 1
| #define HAVE_STRING_H 1
| #define HAVE_MEMORY_H 1
| #define HAVE_STRINGS_H 1
| #define HAVE_INTTYPES_H 1
| #define HAVE_STDINT_H 1
| #define HAVE_UNISTD_H 1
| #define __EXTENSIONS__ 1
| #define _ALL_SOURCE 1
| #define _GNU_SOURCE 1
| #define _POSIX_PTHREAD_SEMANTICS 1
| #define _TANDEM_SOURCE 1
| #define HAVE_DLFCN_H 1
| #define LT_OBJDIR ".libs/"
| /* end confdefs.h.  */
| #include <pthread.h>
| int
| main ()
| {
| pthread_t th; pthread_join(th, 0);
|                      pthread_attr_init(0); pthread_cleanup_push(0, 0);
|                      pthread_create(0,0,0,0); pthread_cleanup_pop(0);
|   ;
|   return 0;
| }
configure:14438: result: no
configure:14346: checking whether pthreads work with -kthread
configure:14429: gcc -o conftest -g -O2 -Wextra -Wstrict-prototypes -Wmissing-prototypes -Wwrite-strings -Wno-variadic-macros -Wimport -Wfatal-errors -Wformat=2 -Winit-self -Wmissing-include-dirs -Wswitch-default -Wunknown-pragmas -kthread   conftest.c   >&5
gcc: error: unrecognized command line option '-kthread'
configure:14429: $? = 1
configure: failed program was:
| /* confdefs.h */
| #define PACKAGE_NAME "Check"
| #define PACKAGE_TARNAME "check"
| #define PACKAGE_VERSION "0.10.0"
| #define PACKAGE_STRING "Check 0.10.0"
| #define PACKAGE_BUGREPORT "check-devel at lists dot sourceforge dot net"
| #define PACKAGE_URL ""
| #define PACKAGE "check"
| #define VERSION "0.10.0"
| #define STDC_HEADERS 1
| #define HAVE_SYS_TYPES_H 1
| #define HAVE_SYS_STAT_H 1
| #define HAVE_STDLIB_H 1
| #define HAVE_STRING_H 1
| #define HAVE_MEMORY_H 1
| #define HAVE_STRINGS_H 1
| #define HAVE_INTTYPES_H 1
| #define HAVE_STDINT_H 1
| #define HAVE_UNISTD_H 1
| #define __EXTENSIONS__ 1
| #define _ALL_SOURCE 1
| #define _GNU_SOURCE 1
| #define _POSIX_PTHREAD_SEMANTICS 1
| #define _TANDEM_SOURCE 1
| #define HAVE_DLFCN_H 1
| #define LT_OBJDIR ".libs/"
| /* end confdefs.h.  */
| #include <pthread.h>
| int
| main ()
| {
| pthread_t th; pthread_join(th, 0);
|                      pthread_attr_init(0); pthread_cleanup_push(0, 0);
|                      pthread_create(0,0,0,0); pthread_cleanup_pop(0);
|   ;
|   return 0;
| }
configure:14438: result: no
configure:14396: checking for the pthreads library -llthread
configure:14429: gcc -o conftest -g -O2 -Wextra -Wstrict-prototypes -Wmissing-prototypes -Wwrite-strings -Wno-variadic-macros -Wimport -Wfatal-errors -Wformat=2 -Winit-self -Wmissing-include-dirs -Wswitch-default -Wunknown-pragmas    conftest.c -llthread  >&5
conftest.c:30:1: warning: function declaration isn't a prototype [-Wstrict-prototypes]
 main ()
 ^
conftest.c: In function 'main':
conftest.c:33:22: warning: null argument where non-null required (argument 1) [-Wnonnull]
                      pthread_attr_init(0); pthread_cleanup_push(0, 0);
                      ^
conftest.c:34:22: warning: null argument where non-null required (argument 1) [-Wnonnull]
                      pthread_create(0,0,0,0); pthread_cleanup_pop(0);
                      ^
conftest.c:34:22: warning: null argument where non-null required (argument 3) [-Wnonnull]
conftest.c:32:15: warning: 'th' is used uninitialized in this function [-Wuninitialized]
 pthread_t th; pthread_join(th, 0);
               ^
/usr/bin/ld: cannot find -llthread
collect2: error: ld returned 1 exit status
configure:14429: $? = 1
configure: failed program was:
| /* confdefs.h */
| #define PACKAGE_NAME "Check"
| #define PACKAGE_TARNAME "check"
| #define PACKAGE_VERSION "0.10.0"
| #define PACKAGE_STRING "Check 0.10.0"
| #define PACKAGE_BUGREPORT "check-devel at lists dot sourceforge dot net"
| #define PACKAGE_URL ""
| #define PACKAGE "check"
| #define VERSION "0.10.0"
| #define STDC_HEADERS 1
| #define HAVE_SYS_TYPES_H 1
| #define HAVE_SYS_STAT_H 1
| #define HAVE_STDLIB_H 1
| #define HAVE_STRING_H 1
| #define HAVE_MEMORY_H 1
| #define HAVE_STRINGS_H 1
| #define HAVE_INTTYPES_H 1
| #define HAVE_STDINT_H 1
| #define HAVE_UNISTD_H 1
| #define __EXTENSIONS__ 1
| #define _ALL_SOURCE 1
| #define _GNU_SOURCE 1
| #define _POSIX_PTHREAD_SEMANTICS 1
| #define _TANDEM_SOURCE 1
| #define HAVE_DLFCN_H 1
| #define LT_OBJDIR ".libs/"
| /* end confdefs.h.  */
| #include <pthread.h>
| int
| main ()
| {
| pthread_t th; pthread_join(th, 0);
|                      pthread_attr_init(0); pthread_cleanup_push(0, 0);
|                      pthread_create(0,0,0,0); pthread_cleanup_pop(0);
|   ;
|   return 0;
| }
configure:14438: result: no
configure:14346: checking whether pthreads work with -pthread
configure:14429: gcc -o conftest -g -O2 -Wextra -Wstrict-prototypes -Wmissing-prototypes -Wwrite-strings -Wno-variadic-macros -Wimport -Wfatal-errors -Wformat=2 -Winit-self -Wmissing-include-dirs -Wswitch-default -Wunknown-pragmas -pthread   conftest.c   >&5
conftest.c:30:1: warning: function declaration isn't a prototype [-Wstrict-prototypes]
 main ()
 ^
conftest.c: In function 'main':
conftest.c:33:22: warning: null argument where non-null required (argument 1) [-Wnonnull]
                      pthread_attr_init(0); pthread_cleanup_push(0, 0);
                      ^
conftest.c:34:22: warning: null argument where non-null required (argument 1) [-Wnonnull]
                      pthread_create(0,0,0,0); pthread_cleanup_pop(0);
                      ^
conftest.c:34:22: warning: null argument where non-null required (argument 3) [-Wnonnull]
conftest.c:32:15: warning: 'th' is used uninitialized in this function [-Wuninitialized]
 pthread_t th; pthread_join(th, 0);
               ^
configure:14429: $? = 0
configure:14438: result: yes
configure:14457: checking for joinable pthread attribute
configure:14472: gcc -o conftest -g -O2 -Wextra -Wstrict-prototypes -Wmissing-prototypes -Wwrite-strings -Wno-variadic-macros -Wimport -Wfatal-errors -Wformat=2 -Winit-self -Wmissing-include-dirs -Wswitch-default -Wunknown-pragmas -pthread   conftest.c   >&5
conftest.c:30:1: warning: function declaration isn't a prototype [-Wstrict-prototypes]
 main ()
 ^
configure:14472: $? = 0
configure:14478: result: PTHREAD_CREATE_JOINABLE
configure:14488: checking if more special flags are required for pthreads
configure:14495: result: no
configure:14580: checking for floor in -lm
configure:14605: gcc -o conftest -g -O2 -Wextra -Wstrict-prototypes -Wmissing-prototypes -Wwrite-strings -Wno-variadic-macros -Wimport -Wfatal-errors -Wformat=2 -Winit-self -Wmissing-include-dirs -Wswitch-default -Wunknown-pragmas   conftest.c -lm   >&5
conftest.c:36:1: warning: function declaration isn't a prototype [-Wstrict-prototypes]
 char floor ();
 ^
conftest.c:36:6: warning: conflicting types for built-in function 'floor'
 char floor ();
      ^
conftest.c:38:1: warning: function declaration isn't a prototype [-Wstrict-prototypes]
 main ()
 ^
configure:14605: $? = 0
configure:14614: result: yes
configure:14628: checking for clock_gettime, timer_create, timer_settime, timer_delete in -lrt
configure:14653: gcc -o conftest -g -O2 -Wextra -Wstrict-prototypes -Wmissing-prototypes -Wwrite-strings -Wno-variadic-macros -Wimport -Wfatal-errors -Wformat=2 -Winit-self -Wmissing-include-dirs -Wswitch-default -Wunknown-pragmas   conftest.c -lrt  -lm  >&5
conftest.c:37:1: warning: function declaration isn't a prototype [-Wstrict-prototypes]
 char clock_gettime, timer_create, timer_settime, timer_delete ();
 ^
conftest.c:39:1: warning: function declaration isn't a prototype [-Wstrict-prototypes]
 main ()
 ^
configure:14653: $? = 0
configure:14662: result: yes
configure:14678: checking for struct timespec.tv_sec
configure:14678: gcc -c -g -O2 -Wextra -Wstrict-prototypes -Wmissing-prototypes -Wwrite-strings -Wno-variadic-macros -Wimport -Wfatal-errors -Wformat=2 -Winit-self -Wmissing-include-dirs -Wswitch-default -Wunknown-pragmas  conftest.c >&5
conftest.c:39:1: warning: function declaration isn't a prototype [-Wstrict-prototypes]
 main ()
 ^
configure:14678: $? = 0
configure:14678: result: yes
configure:14699: checking for struct timespec.tv_nsec
configure:14699: gcc -c -g -O2 -Wextra -Wstrict-prototypes -Wmissing-prototypes -Wwrite-strings -Wno-variadic-macros -Wimport -Wfatal-errors -Wformat=2 -Winit-self -Wmissing-include-dirs -Wswitch-default -Wunknown-pragmas  conftest.c >&5
conftest.c:40:1: warning: function declaration isn't a prototype [-Wstrict-prototypes]
 main ()
 ^
configure:14699: $? = 0
configure:14699: result: yes
configure:14726: checking for struct itimerspec.it_interval
configure:14726: gcc -c -g -O2 -Wextra -Wstrict-prototypes -Wmissing-prototypes -Wwrite-strings -Wno-variadic-macros -Wimport -Wfatal-errors -Wformat=2 -Winit-self -Wmissing-include-dirs -Wswitch-default -Wunknown-pragmas  conftest.c >&5
conftest.c:41:1: warning: function declaration isn't a prototype [-Wstrict-prototypes]
 main ()
 ^
conftest.c: In function 'main':
conftest.c:44:5: error: used struct type value where scalar is required
 if (ac_aggr.it_interval)
     ^
compilation terminated due to -Wfatal-errors.
configure:14726: $? = 1
configure: failed program was:
| /* confdefs.h */
| #define PACKAGE_NAME "Check"
| #define PACKAGE_TARNAME "check"
| #define PACKAGE_VERSION "0.10.0"
| #define PACKAGE_STRING "Check 0.10.0"
| #define PACKAGE_BUGREPORT "check-devel at lists dot sourceforge dot net"
| #define PACKAGE_URL ""
| #define PACKAGE "check"
| #define VERSION "0.10.0"
| #define STDC_HEADERS 1
| #define HAVE_SYS_TYPES_H 1
| #define HAVE_SYS_STAT_H 1
| #define HAVE_STDLIB_H 1
| #define HAVE_STRING_H 1
| #define HAVE_MEMORY_H 1
| #define HAVE_STRINGS_H 1
| #define HAVE_INTTYPES_H 1
| #define HAVE_STDINT_H 1
| #define HAVE_UNISTD_H 1
| #define __EXTENSIONS__ 1
| #define _ALL_SOURCE 1
| #define _GNU_SOURCE 1
| #define _POSIX_PTHREAD_SEMANTICS 1
| #define _TANDEM_SOURCE 1
| #define HAVE_DLFCN_H 1
| #define LT_OBJDIR ".libs/"
| #define HAVE_PTHREAD 1
| #define HAVE_LIBM 1
| #define HAVE_LIBRT 1
| #define HAVE_STRUCT_TIMESPEC_TV_SEC 1
| #define HAVE_STRUCT_TIMESPEC_TV_NSEC 1
| /* end confdefs.h.  */
| 
| #include <time.h>
| #if defined(HAVE_PTHREAD)
| #include <pthread.h>
| #endif /* HAVE_PTHREAD */
| 
| 
| int
| main ()
| {
| static struct itimerspec ac_aggr;
| if (ac_aggr.it_interval)
| return 0;
|   ;
|   return 0;
| }
configure:14726: gcc -c -g -O2 -Wextra -Wstrict-prototypes -Wmissing-prototypes -Wwrite-strings -Wno-variadic-macros -Wimport -Wfatal-errors -Wformat=2 -Winit-self -Wmissing-include-dirs -Wswitch-default -Wunknown-pragmas  conftest.c >&5
conftest.c:41:1: warning: function declaration isn't a prototype [-Wstrict-prototypes]
 main ()
 ^
configure:14726: $? = 0
configure:14726: result: yes
configure:14747: checking for struct itimerspec.it_value
configure:14747: gcc -c -g -O2 -Wextra -Wstrict-prototypes -Wmissing-prototypes -Wwrite-strings -Wno-variadic-macros -Wimport -Wfatal-errors -Wformat=2 -Winit-self -Wmissing-include-dirs -Wswitch-default -Wunknown-pragmas  conftest.c >&5
conftest.c:42:1: warning: function declaration isn't a prototype [-Wstrict-prototypes]
 main ()
 ^
conftest.c: In function 'main':
conftest.c:45:5: error: used struct type value where scalar is required
 if (ac_aggr.it_value)
     ^
compilation terminated due to -Wfatal-errors.
configure:14747: $? = 1
configure: failed program was:
| /* confdefs.h */
| #define PACKAGE_NAME "Check"
| #define PACKAGE_TARNAME "check"
| #define PACKAGE_VERSION "0.10.0"
| #define PACKAGE_STRING "Check 0.10.0"
| #define PACKAGE_BUGREPORT "check-devel at lists dot sourceforge dot net"
| #define PACKAGE_URL ""
| #define PACKAGE "check"
| #define VERSION "0.10.0"
| #define STDC_HEADERS 1
| #define HAVE_SYS_TYPES_H 1
| #define HAVE_SYS_STAT_H 1
| #define HAVE_STDLIB_H 1
| #define HAVE_STRING_H 1
| #define HAVE_MEMORY_H 1
| #define HAVE_STRINGS_H 1
| #define HAVE_INTTYPES_H 1
| #define HAVE_STDINT_H 1
| #define HAVE_UNISTD_H 1
| #define __EXTENSIONS__ 1
| #define _ALL_SOURCE 1
| #define _GNU_SOURCE 1
| #define _POSIX_PTHREAD_SEMANTICS 1
| #define _TANDEM_SOURCE 1
| #define HAVE_DLFCN_H 1
| #define LT_OBJDIR ".libs/"
| #define HAVE_PTHREAD 1
| #define HAVE_LIBM 1
| #define HAVE_LIBRT 1
| #define HAVE_STRUCT_TIMESPEC_TV_SEC 1
| #define HAVE_STRUCT_TIMESPEC_TV_NSEC 1
| #define HAVE_STRUCT_ITIMERSPEC_IT_INTERVAL 1
| /* end confdefs.h.  */
| 
| #include <time.h>
| #if defined(HAVE_PTHREAD)
| #include <pthread.h>
| #endif /* HAVE_PTHREAD */
| 
| 
| int
| main ()
| {
| static struct itimerspec ac_aggr;
| if (ac_aggr.it_value)
| return 0;
|   ;
|   return 0;
| }
configure:14747: gcc -c -g -O2 -Wextra -Wstrict-prototypes -Wmissing-prototypes -Wwrite-strings -Wno-variadic-macros -Wimport -Wfatal-errors -Wformat=2 -Winit-self -Wmissing-include-dirs -Wswitch-default -Wunknown-pragmas  conftest.c >&5
conftest.c:42:1: warning: function declaration isn't a prototype [-Wstrict-prototypes]
 main ()
 ^
configure:14747: $? = 0
configure:14747: result: yes
configure:14771: checking for ANSI C header files
configure:14875: result: yes
configure:14883: checking for sys/wait.h that is POSIX.1 compatible
configure:14909: gcc -c -g -O2 -Wextra -Wstrict-prototypes -Wmissing-prototypes -Wwrite-strings -Wno-variadic-macros -Wimport -Wfatal-errors -Wformat=2 -Winit-self -Wmissing-include-dirs -Wswitch-default -Wunknown-pragmas  conftest.c >&5
conftest.c:46:1: warning: function declaration isn't a prototype [-Wstrict-prototypes]
 main ()
 ^
configure:14909: $? = 0
configure:14916: result: yes
configure:14927: checking fcntl.h usability
configure:14927: gcc -c -g -O2 -Wextra -Wstrict-prototypes -Wmissing-prototypes -Wwrite-strings -Wno-variadic-macros -Wimport -Wfatal-errors -Wformat=2 -Winit-self -Wmissing-include-dirs -Wswitch-default -Wunknown-pragmas  conftest.c >&5
configure:14927: $? = 0
configure:14927: result: yes
configure:14927: checking fcntl.h presence
configure:14927: gcc -E  conftest.c
configure:14927: $? = 0
configure:14927: result: yes
configure:14927: checking for fcntl.h
configure:14927: result: yes
configure:14927: checking stddef.h usability
configure:14927: gcc -c -g -O2 -Wextra -Wstrict-prototypes -Wmissing-prototypes -Wwrite-strings -Wno-variadic-macros -Wimport -Wfatal-errors -Wformat=2 -Winit-self -Wmissing-include-dirs -Wswitch-default -Wunknown-pragmas  conftest.c >&5
configure:14927: $? = 0
configure:14927: result: yes
configure:14927: checking stddef.h presence
configure:14927: gcc -E  conftest.c
configure:14927: $? = 0
configure:14927: result: yes
configure:14927: checking for stddef.h
configure:14927: result: yes
configure:14927: checking for stdlib.h
configure:14927: result: yes
configure:14927: checking for string.h
configure:14927: result: yes
configure:14927: checking sys/time.h usability
configure:14927: gcc -c -g -O2 -Wextra -Wstrict-prototypes -Wmissing-prototypes -Wwrite-strings -Wno-variadic-macros -Wimport -Wfatal-errors -Wformat=2 -Winit-self -Wmissing-include-dirs -Wswitch-default -Wunknown-pragmas  conftest.c >&5
configure:14927: $? = 0
configure:14927: result: yes
configure:14927: checking sys/time.h presence
configure:14927: gcc -E  conftest.c
configure:14927: $? = 0
configure:14927: result: yes
configure:14927: checking for sys/time.h
configure:14927: result: yes
configure:14927: checking for unistd.h
configure:14927: result: yes
configure:14938: checking for stdint types
configure:14961: gcc -c   conftest.c >&5
configure:14961: $? = 0
configure:15005: result: stdint.h (shortcircuit)
configure:15392: result: make use of stdint.h in check_stdint.h (assuming C99 compatible system)
configure:15454: checking for pkg-config
configure:15472: found /usr/bin/pkg-config
configure:15484: result: /usr/bin/pkg-config
configure:15509: checking pkg-config is at least version 0.9.0
configure:15512: result: yes
configure:15523: $PKG_CONFIG --exists --print-errors "libsubunit"
Package libsubunit was not found in the pkg-config search path.
Perhaps you should add the directory containing `libsubunit.pc'
to the PKG_CONFIG_PATH environment variable
No package 'libsubunit' found
configure:15526: $? = 1
configure:15655: checking for an ANSI C-conforming const
configure:15721: gcc -c -g -O2 -Wextra -Wstrict-prototypes -Wmissing-prototypes -Wwrite-strings -Wno-variadic-macros -Wimport -Wfatal-errors -Wformat=2 -Winit-self -Wmissing-include-dirs -Wswitch-default -Wunknown-pragmas  conftest.c >&5
conftest.c:46:1: warning: function declaration isn't a prototype [-Wstrict-prototypes]
 main ()
 ^
configure:15721: $? = 0
configure:15728: result: yes
configure:15736: checking for pid_t
configure:15736: gcc -c -g -O2 -Wextra -Wstrict-prototypes -Wmissing-prototypes -Wwrite-strings -Wno-variadic-macros -Wimport -Wfatal-errors -Wformat=2 -Winit-self -Wmissing-include-dirs -Wswitch-default -Wunknown-pragmas  conftest.c >&5
conftest.c:78:1: warning: function declaration isn't a prototype [-Wstrict-prototypes]
 main ()
 ^
configure:15736: $? = 0
configure:15736: gcc -c -g -O2 -Wextra -Wstrict-prototypes -Wmissing-prototypes -Wwrite-strings -Wno-variadic-macros -Wimport -Wfatal-errors -Wformat=2 -Winit-self -Wmissing-include-dirs -Wswitch-default -Wunknown-pragmas  conftest.c >&5
conftest.c:78:1: warning: function declaration isn't a prototype [-Wstrict-prototypes]
 main ()
 ^
conftest.c: In function 'main':
conftest.c:80:20: error: expected expression before ')' token
 if (sizeof ((pid_t)))
                    ^
compilation terminated due to -Wfatal-errors.
configure:15736: $? = 1
configure: failed program was:
| /* confdefs.h */
| #define PACKAGE_NAME "Check"
| #define PACKAGE_TARNAME "check"
| #define PACKAGE_VERSION "0.10.0"
| #define PACKAGE_STRING "Check 0.10.0"
| #define PACKAGE_BUGREPORT "check-devel at lists dot sourceforge dot net"
| #define PACKAGE_URL ""
| #define PACKAGE "check"
| #define VERSION "0.10.0"
| #define STDC_HEADERS 1
| #define HAVE_SYS_TYPES_H 1
| #define HAVE_SYS_STAT_H 1
| #define HAVE_STDLIB_H 1
| #define HAVE_STRING_H 1
| #define HAVE_MEMORY_H 1
| #define HAVE_STRINGS_H 1
| #define HAVE_INTTYPES_H 1
| #define HAVE_STDINT_H 1
| #define HAVE_UNISTD_H 1
| #define __EXTENSIONS__ 1
| #define _ALL_SOURCE 1
| #define _GNU_SOURCE 1
| #define _POSIX_PTHREAD_SEMANTICS 1
| #define _TANDEM_SOURCE 1
| #define HAVE_DLFCN_H 1
| #define LT_OBJDIR ".libs/"
| #define HAVE_PTHREAD 1
| #define HAVE_LIBM 1
| #define HAVE_LIBRT 1
| #define HAVE_STRUCT_TIMESPEC_TV_SEC 1
| #define HAVE_STRUCT_TIMESPEC_TV_NSEC 1
| #define HAVE_STRUCT_ITIMERSPEC_IT_INTERVAL 1
| #define HAVE_STRUCT_ITIMERSPEC_IT_VALUE 1
| #define STDC_HEADERS 1
| #define HAVE_SYS_WAIT_H 1
| #define HAVE_FCNTL_H 1
| #define HAVE_STDDEF_H 1
| #define HAVE_STDLIB_H 1
| #define HAVE_STRING_H 1
| #define HAVE_SYS_TIME_H 1
| #define HAVE_UNISTD_H 1
| #define ENABLE_SUBUNIT 0
| /* end confdefs.h.  */
| #include <stdio.h>
| #ifdef HAVE_SYS_TYPES_H
| # include <sys/types.h>
| #endif
| #ifdef HAVE_SYS_STAT_H
| # include <sys/stat.h>
| #endif
| #ifdef STDC_HEADERS
| # include <stdlib.h>
| # include <stddef.h>
| #else
| # ifdef HAVE_STDLIB_H
| #  include <stdlib.h>
| # endif
| #endif
| #ifdef HAVE_STRING_H
| # if !defined STDC_HEADERS && defined HAVE_MEMORY_H
| #  include <memory.h>
| # endif
| # include <string.h>
| #endif
| #ifdef HAVE_STRINGS_H
| # include <strings.h>
| #endif
| #ifdef HAVE_INTTYPES_H
| # include <inttypes.h>
| #endif
| #ifdef HAVE_STDINT_H
| # include <stdint.h>
| #endif
| #ifdef HAVE_UNISTD_H
| # include <unistd.h>
| #endif
| int
| main ()
| {
| if (sizeof ((pid_t)))
| 	    return 0;
|   ;
|   return 0;
| }
configure:15736: result: yes
configure:15747: checking for size_t
configure:15747: gcc -c -g -O2 -Wextra -Wstrict-prototypes -Wmissing-prototypes -Wwrite-strings -Wno-variadic-macros -Wimport -Wfatal-errors -Wformat=2 -Winit-self -Wmissing-include-dirs -Wswitch-default -Wunknown-pragmas  conftest.c >&5
conftest.c:78:1: warning: function declaration isn't a prototype [-Wstrict-prototypes]
 main ()
 ^
configure:15747: $? = 0
configure:15747: gcc -c -g -O2 -Wextra -Wstrict-prototypes -Wmissing-prototypes -Wwrite-strings -Wno-variadic-macros -Wimport -Wfatal-errors -Wformat=2 -Winit-self -Wmissing-include-dirs -Wswitch-default -Wunknown-pragmas  conftest.c >&5
conftest.c:78:1: warning: function declaration isn't a prototype [-Wstrict-prototypes]
 main ()
 ^
conftest.c: In function 'main':
conftest.c:80:21: error: expected expression before ')' token
 if (sizeof ((size_t)))
                     ^
compilation terminated due to -Wfatal-errors.
configure:15747: $? = 1
configure: failed program was:
| /* confdefs.h */
| #define PACKAGE_NAME "Check"
| #define PACKAGE_TARNAME "check"
| #define PACKAGE_VERSION "0.10.0"
| #define PACKAGE_STRING "Check 0.10.0"
| #define PACKAGE_BUGREPORT "check-devel at lists dot sourceforge dot net"
| #define PACKAGE_URL ""
| #define PACKAGE "check"
| #define VERSION "0.10.0"
| #define STDC_HEADERS 1
| #define HAVE_SYS_TYPES_H 1
| #define HAVE_SYS_STAT_H 1
| #define HAVE_STDLIB_H 1
| #define HAVE_STRING_H 1
| #define HAVE_MEMORY_H 1
| #define HAVE_STRINGS_H 1
| #define HAVE_INTTYPES_H 1
| #define HAVE_STDINT_H 1
| #define HAVE_UNISTD_H 1
| #define __EXTENSIONS__ 1
| #define _ALL_SOURCE 1
| #define _GNU_SOURCE 1
| #define _POSIX_PTHREAD_SEMANTICS 1
| #define _TANDEM_SOURCE 1
| #define HAVE_DLFCN_H 1
| #define LT_OBJDIR ".libs/"
| #define HAVE_PTHREAD 1
| #define HAVE_LIBM 1
| #define HAVE_LIBRT 1
| #define HAVE_STRUCT_TIMESPEC_TV_SEC 1
| #define HAVE_STRUCT_TIMESPEC_TV_NSEC 1
| #define HAVE_STRUCT_ITIMERSPEC_IT_INTERVAL 1
| #define HAVE_STRUCT_ITIMERSPEC_IT_VALUE 1
| #define STDC_HEADERS 1
| #define HAVE_SYS_WAIT_H 1
| #define HAVE_FCNTL_H 1
| #define HAVE_STDDEF_H 1
| #define HAVE_STDLIB_H 1
| #define HAVE_STRING_H 1
| #define HAVE_SYS_TIME_H 1
| #define HAVE_UNISTD_H 1
| #define ENABLE_SUBUNIT 0
| /* end confdefs.h.  */
| #include <stdio.h>
| #ifdef HAVE_SYS_TYPES_H
| # include <sys/types.h>
| #endif
| #ifdef HAVE_SYS_STAT_H
| # include <sys/stat.h>
| #endif
| #ifdef STDC_HEADERS
| # include <stdlib.h>
| # include <stddef.h>
| #else
| # ifdef HAVE_STDLIB_H
| #  include <stdlib.h>
| # endif
| #endif
| #ifdef HAVE_STRING_H
| # if !defined STDC_HEADERS && defined HAVE_MEMORY_H
| #  include <memory.h>
| # endif
| # include <string.h>
| #endif
| #ifdef HAVE_STRINGS_H
| # include <strings.h>
| #endif
| #ifdef HAVE_INTTYPES_H
| # include <inttypes.h>
| #endif
| #ifdef HAVE_STDINT_H
| # include <stdint.h>
| #endif
| #ifdef HAVE_UNISTD_H
| # include <unistd.h>
| #endif
| int
| main ()
| {
| if (sizeof ((size_t)))
| 	    return 0;
|   ;
|   return 0;
| }
configure:15747: result: yes
configure:15759: checking for long long int
configure:15796: gcc -o conftest -g -O2 -Wextra -Wstrict-prototypes -Wmissing-prototypes -Wwrite-strings -Wno-variadic-macros -Wimport -Wfatal-errors -Wformat=2 -Winit-self -Wmissing-include-dirs -Wswitch-default -Wunknown-pragmas   conftest.c -lrt -lm  >&5
conftest.c:60:1: warning: function declaration isn't a prototype [-Wstrict-prototypes]
 main ()
 ^
configure:15796: $? = 0
configure:15826: gcc -o conftest -g -O2 -Wextra -Wstrict-prototypes -Wmissing-prototypes -Wwrite-strings -Wno-variadic-macros -Wimport -Wfatal-errors -Wformat=2 -Winit-self -Wmissing-include-dirs -Wswitch-default -Wunknown-pragmas   conftest.c -lrt -lm  >&5
conftest.c:50:1: warning: function declaration isn't a prototype [-Wstrict-prototypes]
 main ()
 ^
configure:15826: $? = 0
configure:15826: ./conftest
configure:15826: $? = 0
configure:15841: result: yes
configure:15851: checking for intmax_t
configure:15851: gcc -c -g -O2 -Wextra -Wstrict-prototypes -Wmissing-prototypes -Wwrite-strings -Wno-variadic-macros -Wimport -Wfatal-errors -Wformat=2 -Winit-self -Wmissing-include-dirs -Wswitch-default -Wunknown-pragmas  conftest.c >&5
conftest.c:79:1: warning: function declaration isn't a prototype [-Wstrict-prototypes]
 main ()
 ^
configure:15851: $? = 0
configure:15851: gcc -c -g -O2 -Wextra -Wstrict-prototypes -Wmissing-prototypes -Wwrite-strings -Wno-variadic-macros -Wimport -Wfatal-errors -Wformat=2 -Winit-self -Wmissing-include-dirs -Wswitch-default -Wunknown-pragmas  conftest.c >&5
conftest.c:79:1: warning: function declaration isn't a prototype [-Wstrict-prototypes]
 main ()
 ^
conftest.c: In function 'main':
conftest.c:81:23: error: expected expression before ')' token
 if (sizeof ((intmax_t)))
                       ^
compilation terminated due to -Wfatal-errors.
configure:15851: $? = 1
configure: failed program was:
| /* confdefs.h */
| #define PACKAGE_NAME "Check"
| #define PACKAGE_TARNAME "check"
| #define PACKAGE_VERSION "0.10.0"
| #define PACKAGE_STRING "Check 0.10.0"
| #define PACKAGE_BUGREPORT "check-devel at lists dot sourceforge dot net"
| #define PACKAGE_URL ""
| #define PACKAGE "check"
| #define VERSION "0.10.0"
| #define STDC_HEADERS 1
| #define HAVE_SYS_TYPES_H 1
| #define HAVE_SYS_STAT_H 1
| #define HAVE_STDLIB_H 1
| #define HAVE_STRING_H 1
| #define HAVE_MEMORY_H 1
| #define HAVE_STRINGS_H 1
| #define HAVE_INTTYPES_H 1
| #define HAVE_STDINT_H 1
| #define HAVE_UNISTD_H 1
| #define __EXTENSIONS__ 1
| #define _ALL_SOURCE 1
| #define _GNU_SOURCE 1
| #define _POSIX_PTHREAD_SEMANTICS 1
| #define _TANDEM_SOURCE 1
| #define HAVE_DLFCN_H 1
| #define LT_OBJDIR ".libs/"
| #define HAVE_PTHREAD 1
| #define HAVE_LIBM 1
| #define HAVE_LIBRT 1
| #define HAVE_STRUCT_TIMESPEC_TV_SEC 1
| #define HAVE_STRUCT_TIMESPEC_TV_NSEC 1
| #define HAVE_STRUCT_ITIMERSPEC_IT_INTERVAL 1
| #define HAVE_STRUCT_ITIMERSPEC_IT_VALUE 1
| #define STDC_HEADERS 1
| #define HAVE_SYS_WAIT_H 1
| #define HAVE_FCNTL_H 1
| #define HAVE_STDDEF_H 1
| #define HAVE_STDLIB_H 1
| #define HAVE_STRING_H 1
| #define HAVE_SYS_TIME_H 1
| #define HAVE_UNISTD_H 1
| #define ENABLE_SUBUNIT 0
| #define HAVE_LONG_LONG_INT 1
| /* end confdefs.h.  */
| #include <stdio.h>
| #ifdef HAVE_SYS_TYPES_H
| # include <sys/types.h>
| #endif
| #ifdef HAVE_SYS_STAT_H
| # include <sys/stat.h>
| #endif
| #ifdef STDC_HEADERS
| # include <stdlib.h>
| # include <stddef.h>
| #else
| # ifdef HAVE_STDLIB_H
| #  include <stdlib.h>
| # endif
| #endif
| #ifdef HAVE_STRING_H
| # if !defined STDC_HEADERS && defined HAVE_MEMORY_H
| #  include <memory.h>
| # endif
| # include <string.h>
| #endif
| #ifdef HAVE_STRINGS_H
| # include <strings.h>
| #endif
| #ifdef HAVE_INTTYPES_H
| # include <inttypes.h>
| #endif
| #ifdef HAVE_STDINT_H
| # include <stdint.h>
| #endif
| #ifdef HAVE_UNISTD_H
| # include <unistd.h>
| #endif
| int
| main ()
| {
| if (sizeof ((intmax_t)))
| 	    return 0;
|   ;
|   return 0;
| }
configure:15851: result: yes
configure:15869: checking for unsigned long long int
configure:15906: gcc -o conftest -g -O2 -Wextra -Wstrict-prototypes -Wmissing-prototypes -Wwrite-strings -Wno-variadic-macros -Wimport -Wfatal-errors -Wformat=2 -Winit-self -Wmissing-include-dirs -Wswitch-default -Wunknown-pragmas   conftest.c -lrt -lm  >&5
conftest.c:62:1: warning: function declaration isn't a prototype [-Wstrict-prototypes]
 main ()
 ^
configure:15906: $? = 0
configure:15914: result: yes
configure:15924: checking for uintmax_t
configure:15924: gcc -c -g -O2 -Wextra -Wstrict-prototypes -Wmissing-prototypes -Wwrite-strings -Wno-variadic-macros -Wimport -Wfatal-errors -Wformat=2 -Winit-self -Wmissing-include-dirs -Wswitch-default -Wunknown-pragmas  conftest.c >&5
conftest.c:81:1: warning: function declaration isn't a prototype [-Wstrict-prototypes]
 main ()
 ^
configure:15924: $? = 0
configure:15924: gcc -c -g -O2 -Wextra -Wstrict-prototypes -Wmissing-prototypes -Wwrite-strings -Wno-variadic-macros -Wimport -Wfatal-errors -Wformat=2 -Winit-self -Wmissing-include-dirs -Wswitch-default -Wunknown-pragmas  conftest.c >&5
conftest.c:81:1: warning: function declaration isn't a prototype [-Wstrict-prototypes]
 main ()
 ^
conftest.c: In function 'main':
conftest.c:83:24: error: expected expression before ')' token
 if (sizeof ((uintmax_t)))
                        ^
compilation terminated due to -Wfatal-errors.
configure:15924: $? = 1
configure: failed program was:
| /* confdefs.h */
| #define PACKAGE_NAME "Check"
| #define PACKAGE_TARNAME "check"
| #define PACKAGE_VERSION "0.10.0"
| #define PACKAGE_STRING "Check 0.10.0"
| #define PACKAGE_BUGREPORT "check-devel at lists dot sourceforge dot net"
| #define PACKAGE_URL ""
| #define PACKAGE "check"
| #define VERSION "0.10.0"
| #define STDC_HEADERS 1
| #define HAVE_SYS_TYPES_H 1
| #define HAVE_SYS_STAT_H 1
| #define HAVE_STDLIB_H 1
| #define HAVE_STRING_H 1
| #define HAVE_MEMORY_H 1
| #define HAVE_STRINGS_H 1
| #define HAVE_INTTYPES_H 1
| #define HAVE_STDINT_H 1
| #define HAVE_UNISTD_H 1
| #define __EXTENSIONS__ 1
| #define _ALL_SOURCE 1
| #define _GNU_SOURCE 1
| #define _POSIX_PTHREAD_SEMANTICS 1
| #define _TANDEM_SOURCE 1
| #define HAVE_DLFCN_H 1
| #define LT_OBJDIR ".libs/"
| #define HAVE_PTHREAD 1
| #define HAVE_LIBM 1
| #define HAVE_LIBRT 1
| #define HAVE_STRUCT_TIMESPEC_TV_SEC 1
| #define HAVE_STRUCT_TIMESPEC_TV_NSEC 1
| #define HAVE_STRUCT_ITIMERSPEC_IT_INTERVAL 1
| #define HAVE_STRUCT_ITIMERSPEC_IT_VALUE 1
| #define STDC_HEADERS 1
| #define HAVE_SYS_WAIT_H 1
| #define HAVE_FCNTL_H 1
| #define HAVE_STDDEF_H 1
| #define HAVE_STDLIB_H 1
| #define HAVE_STRING_H 1
| #define HAVE_SYS_TIME_H 1
| #define HAVE_UNISTD_H 1
| #define ENABLE_SUBUNIT 0
| #define HAVE_LONG_LONG_INT 1
| #define HAVE_INTMAX_T 1
| #define HAVE_UNSIGNED_LONG_LONG_INT 1
| /* end confdefs.h.  */
| #include <stdio.h>
| #ifdef HAVE_SYS_TYPES_H
| # include <sys/types.h>
| #endif
| #ifdef HAVE_SYS_STAT_H
| # include <sys/stat.h>
| #endif
| #ifdef STDC_HEADERS
| # include <stdlib.h>
| # include <stddef.h>
| #else
| # ifdef HAVE_STDLIB_H
| #  include <stdlib.h>
| # endif
| #endif
| #ifdef HAVE_STRING_H
| # if !defined STDC_HEADERS && defined HAVE_MEMORY_H
| #  include <memory.h>
| # endif
| # include <string.h>
| #endif
| #ifdef HAVE_STRINGS_H
| # include <strings.h>
| #endif
| #ifdef HAVE_INTTYPES_H
| # include <inttypes.h>
| #endif
| #ifdef HAVE_STDINT_H
| # include <stdint.h>
| #endif
| #ifdef HAVE_UNISTD_H
| # include <unistd.h>
| #endif
| int
| main ()
| {
| if (sizeof ((uintmax_t)))
| 	    return 0;
|   ;
|   return 0;
| }
configure:15924: result: yes
configure:15941: checking for uint32_t
configure:15941: gcc -c -g -O2 -Wextra -Wstrict-prototypes -Wmissing-prototypes -Wwrite-strings -Wno-variadic-macros -Wimport -Wfatal-errors -Wformat=2 -Winit-self -Wmissing-include-dirs -Wswitch-default -Wunknown-pragmas  conftest.c >&5
conftest.c:82:1: warning: function declaration isn't a prototype [-Wstrict-prototypes]
 main ()
 ^
configure:15941: $? = 0
configure:15941: result: yes
configure:15955: checking whether time.h and sys/time.h may both be included
configure:15975: gcc -c -g -O2 -Wextra -Wstrict-prototypes -Wmissing-prototypes -Wwrite-strings -Wno-variadic-macros -Wimport -Wfatal-errors -Wformat=2 -Winit-self -Wmissing-include-dirs -Wswitch-default -Wunknown-pragmas  conftest.c >&5
conftest.c:53:1: warning: function declaration isn't a prototype [-Wstrict-prototypes]
 main ()
 ^
configure:15975: $? = 0
configure:15982: result: yes
configure:15990: checking whether struct tm is in sys/time.h or time.h
configure:16010: gcc -c -g -O2 -Wextra -Wstrict-prototypes -Wmissing-prototypes -Wwrite-strings -Wno-variadic-macros -Wimport -Wfatal-errors -Wformat=2 -Winit-self -Wmissing-include-dirs -Wswitch-default -Wunknown-pragmas  conftest.c >&5
conftest.c:53:1: warning: function declaration isn't a prototype [-Wstrict-prototypes]
 main ()
 ^
configure:16010: $? = 0
configure:16017: result: time.h
configure:16030: checking size of int
configure:16035: gcc -o conftest -g -O2 -Wextra -Wstrict-prototypes -Wmissing-prototypes -Wwrite-strings -Wno-variadic-macros -Wimport -Wfatal-errors -Wformat=2 -Winit-self -Wmissing-include-dirs -Wswitch-default -Wunknown-pragmas   conftest.c -lrt -lm  >&5
conftest.c:82:17: warning: function declaration isn't a prototype [-Wstrict-prototypes]
 static long int longval () { return (long int) (sizeof (int)); }
                 ^
conftest.c:83:26: warning: function declaration isn't a prototype [-Wstrict-prototypes]
 static unsigned long int ulongval () { return (long int) (sizeof (int)); }
                          ^
conftest.c:87:1: warning: function declaration isn't a prototype [-Wstrict-prototypes]
 main ()
 ^
configure:16035: $? = 0
configure:16035: ./conftest
configure:16035: $? = 0
configure:16049: result: 4
configure:16063: checking size of short
configure:16068: gcc -o conftest -g -O2 -Wextra -Wstrict-prototypes -Wmissing-prototypes -Wwrite-strings -Wno-variadic-macros -Wimport -Wfatal-errors -Wformat=2 -Winit-self -Wmissing-include-dirs -Wswitch-default -Wunknown-pragmas   conftest.c -lrt -lm  >&5
conftest.c:83:17: warning: function declaration isn't a prototype [-Wstrict-prototypes]
 static long int longval () { return (long int) (sizeof (short)); }
                 ^
conftest.c:84:26: warning: function declaration isn't a prototype [-Wstrict-prototypes]
 static unsigned long int ulongval () { return (long int) (sizeof (short)); }
                          ^
conftest.c:88:1: warning: function declaration isn't a prototype [-Wstrict-prototypes]
 main ()
 ^
configure:16068: $? = 0
configure:16068: ./conftest
configure:16068: $? = 0
configure:16082: result: 2
configure:16096: checking size of long
configure:16101: gcc -o conftest -g -O2 -Wextra -Wstrict-prototypes -Wmissing-prototypes -Wwrite-strings -Wno-variadic-macros -Wimport -Wfatal-errors -Wformat=2 -Winit-self -Wmissing-include-dirs -Wswitch-default -Wunknown-pragmas   conftest.c -lrt -lm  >&5
conftest.c:84:17: warning: function declaration isn't a prototype [-Wstrict-prototypes]
 static long int longval () { return (long int) (sizeof (long)); }
                 ^
conftest.c:85:26: warning: function declaration isn't a prototype [-Wstrict-prototypes]
 static unsigned long int ulongval () { return (long int) (sizeof (long)); }
                          ^
conftest.c:89:1: warning: function declaration isn't a prototype [-Wstrict-prototypes]
 main ()
 ^
configure:16101: $? = 0
configure:16101: ./conftest
configure:16101: $? = 0
configure:16115: result: 8
configure:16131: checking for clockid_t
configure:16131: gcc -c -g -O2 -Wextra -Wstrict-prototypes -Wmissing-prototypes -Wwrite-strings -Wno-variadic-macros -Wimport -Wfatal-errors -Wformat=2 -Winit-self -Wmissing-include-dirs -Wswitch-default -Wunknown-pragmas  conftest.c >&5
conftest.c:92:1: warning: function declaration isn't a prototype [-Wstrict-prototypes]
 main ()
 ^
configure:16131: $? = 0
configure:16131: gcc -c -g -O2 -Wextra -Wstrict-prototypes -Wmissing-prototypes -Wwrite-strings -Wno-variadic-macros -Wimport -Wfatal-errors -Wformat=2 -Winit-self -Wmissing-include-dirs -Wswitch-default -Wunknown-pragmas  conftest.c >&5
conftest.c:92:1: warning: function declaration isn't a prototype [-Wstrict-prototypes]
 main ()
 ^
conftest.c: In function 'main':
conftest.c:94:24: error: expected expression before ')' token
 if (sizeof ((clockid_t)))
                        ^
compilation terminated due to -Wfatal-errors.
configure:16131: $? = 1
configure: failed program was:
| /* confdefs.h */
| #define PACKAGE_NAME "Check"
| #define PACKAGE_TARNAME "check"
| #define PACKAGE_VERSION "0.10.0"
| #define PACKAGE_STRING "Check 0.10.0"
| #define PACKAGE_BUGREPORT "check-devel at lists dot sourceforge dot net"
| #define PACKAGE_URL ""
| #define PACKAGE "check"
| #define VERSION "0.10.0"
| #define STDC_HEADERS 1
| #define HAVE_SYS_TYPES_H 1
| #define HAVE_SYS_STAT_H 1
| #define HAVE_STDLIB_H 1
| #define HAVE_STRING_H 1
| #define HAVE_MEMORY_H 1
| #define HAVE_STRINGS_H 1
| #define HAVE_INTTYPES_H 1
| #define HAVE_STDINT_H 1
| #define HAVE_UNISTD_H 1
| #define __EXTENSIONS__ 1
| #define _ALL_SOURCE 1
| #define _GNU_SOURCE 1
| #define _POSIX_PTHREAD_SEMANTICS 1
| #define _TANDEM_SOURCE 1
| #define HAVE_DLFCN_H 1
| #define LT_OBJDIR ".libs/"
| #define HAVE_PTHREAD 1
| #define HAVE_LIBM 1
| #define HAVE_LIBRT 1
| #define HAVE_STRUCT_TIMESPEC_TV_SEC 1
| #define HAVE_STRUCT_TIMESPEC_TV_NSEC 1
| #define HAVE_STRUCT_ITIMERSPEC_IT_INTERVAL 1
| #define HAVE_STRUCT_ITIMERSPEC_IT_VALUE 1
| #define STDC_HEADERS 1
| #define HAVE_SYS_WAIT_H 1
| #define HAVE_FCNTL_H 1
| #define HAVE_STDDEF_H 1
| #define HAVE_STDLIB_H 1
| #define HAVE_STRING_H 1
| #define HAVE_SYS_TIME_H 1
| #define HAVE_UNISTD_H 1
| #define ENABLE_SUBUNIT 0
| #define HAVE_LONG_LONG_INT 1
| #define HAVE_INTMAX_T 1
| #define HAVE_UNSIGNED_LONG_LONG_INT 1
| #define HAVE_UINTMAX_T 1
| #define TIME_WITH_SYS_TIME 1
| #define SIZEOF_INT 4
| #define SIZEOF_SHORT 2
| #define SIZEOF_LONG 8
| /* end confdefs.h.  */
| 
| #include <stdio.h>
| #ifdef HAVE_SYS_TYPES_H
| # include <sys/types.h>
| #endif
| #ifdef HAVE_SYS_STAT_H
| # include <sys/stat.h>
| #endif
| #ifdef STDC_HEADERS
| # include <stdlib.h>
| # include <stddef.h>
| #else
| # ifdef HAVE_STDLIB_H
| #  include <stdlib.h>
| # endif
| #endif
| #ifdef HAVE_STRING_H
| # if !defined STDC_HEADERS && defined HAVE_MEMORY_H
| #  include <memory.h>
| # endif
| # include <string.h>
| #endif
| #ifdef HAVE_STRINGS_H
| # include <strings.h>
| #endif
| #ifdef HAVE_INTTYPES_H
| # include <inttypes.h>
| #endif
| #ifdef HAVE_STDINT_H
| # include <stdint.h>
| #endif
| #ifdef HAVE_UNISTD_H
| # include <unistd.h>
| #endif
| #if defined(HAVE_PTHREAD)
| #include <pthread.h>
| #endif /* HAVE_PTHREAD */
| 
| 
| int
| main ()
| {
| if (sizeof ((clockid_t)))
| 	    return 0;
|   ;
|   return 0;
| }
configure:16131: result: yes
configure:16146: checking for timer_t
configure:16146: gcc -c -g -O2 -Wextra -Wstrict-prototypes -Wmissing-prototypes -Wwrite-strings -Wno-variadic-macros -Wimport -Wfatal-errors -Wformat=2 -Winit-self -Wmissing-include-dirs -Wswitch-default -Wunknown-pragmas  conftest.c >&5
conftest.c:92:1: warning: function declaration isn't a prototype [-Wstrict-prototypes]
 main ()
 ^
configure:16146: $? = 0
configure:16146: gcc -c -g -O2 -Wextra -Wstrict-prototypes -Wmissing-prototypes -Wwrite-strings -Wno-variadic-macros -Wimport -Wfatal-errors -Wformat=2 -Winit-self -Wmissing-include-dirs -Wswitch-default -Wunknown-pragmas  conftest.c >&5
conftest.c:92:1: warning: function declaration isn't a prototype [-Wstrict-prototypes]
 main ()
 ^
conftest.c: In function 'main':
conftest.c:94:22: error: expected expression before ')' token
 if (sizeof ((timer_t)))
                      ^
compilation terminated due to -Wfatal-errors.
configure:16146: $? = 1
configure: failed program was:
| /* confdefs.h */
| #define PACKAGE_NAME "Check"
| #define PACKAGE_TARNAME "check"
| #define PACKAGE_VERSION "0.10.0"
| #define PACKAGE_STRING "Check 0.10.0"
| #define PACKAGE_BUGREPORT "check-devel at lists dot sourceforge dot net"
| #define PACKAGE_URL ""
| #define PACKAGE "check"
| #define VERSION "0.10.0"
| #define STDC_HEADERS 1
| #define HAVE_SYS_TYPES_H 1
| #define HAVE_SYS_STAT_H 1
| #define HAVE_STDLIB_H 1
| #define HAVE_STRING_H 1
| #define HAVE_MEMORY_H 1
| #define HAVE_STRINGS_H 1
| #define HAVE_INTTYPES_H 1
| #define HAVE_STDINT_H 1
| #define HAVE_UNISTD_H 1
| #define __EXTENSIONS__ 1
| #define _ALL_SOURCE 1
| #define _GNU_SOURCE 1
| #define _POSIX_PTHREAD_SEMANTICS 1
| #define _TANDEM_SOURCE 1
| #define HAVE_DLFCN_H 1
| #define LT_OBJDIR ".libs/"
| #define HAVE_PTHREAD 1
| #define HAVE_LIBM 1
| #define HAVE_LIBRT 1
| #define HAVE_STRUCT_TIMESPEC_TV_SEC 1
| #define HAVE_STRUCT_TIMESPEC_TV_NSEC 1
| #define HAVE_STRUCT_ITIMERSPEC_IT_INTERVAL 1
| #define HAVE_STRUCT_ITIMERSPEC_IT_VALUE 1
| #define STDC_HEADERS 1
| #define HAVE_SYS_WAIT_H 1
| #define HAVE_FCNTL_H 1
| #define HAVE_STDDEF_H 1
| #define HAVE_STDLIB_H 1
| #define HAVE_STRING_H 1
| #define HAVE_SYS_TIME_H 1
| #define HAVE_UNISTD_H 1
| #define ENABLE_SUBUNIT 0
| #define HAVE_LONG_LONG_INT 1
| #define HAVE_INTMAX_T 1
| #define HAVE_UNSIGNED_LONG_LONG_INT 1
| #define HAVE_UINTMAX_T 1
| #define TIME_WITH_SYS_TIME 1
| #define SIZEOF_INT 4
| #define SIZEOF_SHORT 2
| #define SIZEOF_LONG 8
| /* end confdefs.h.  */
| 
| #include <stdio.h>
| #ifdef HAVE_SYS_TYPES_H
| # include <sys/types.h>
| #endif
| #ifdef HAVE_SYS_STAT_H
| # include <sys/stat.h>
| #endif
| #ifdef STDC_HEADERS
| # include <stdlib.h>
| # include <stddef.h>
| #else
| # ifdef HAVE_STDLIB_H
| #  include <stdlib.h>
| # endif
| #endif
| #ifdef HAVE_STRING_H
| # if !defined STDC_HEADERS && defined HAVE_MEMORY_H
| #  include <memory.h>
| # endif
| # include <string.h>
| #endif
| #ifdef HAVE_STRINGS_H
| # include <strings.h>
| #endif
| #ifdef HAVE_INTTYPES_H
| # include <inttypes.h>
| #endif
| #ifdef HAVE_STDINT_H
| # include <stdint.h>
| #endif
| #ifdef HAVE_UNISTD_H
| # include <unistd.h>
| #endif
| #if defined(HAVE_PTHREAD)
| #include <pthread.h>
| #endif /* HAVE_PTHREAD */
| 
| 
| int
| main ()
| {
| if (sizeof ((timer_t)))
| 	    return 0;
|   ;
|   return 0;
| }
configure:16146: result: yes
configure:16165: checking for stdlib.h
configure:16165: result: yes
configure:16175: checking for GNU libc compatible malloc
configure:16199: gcc -o conftest -g -O2 -Wextra -Wstrict-prototypes -Wmissing-prototypes -Wwrite-strings -Wno-variadic-macros -Wimport -Wfatal-errors -Wformat=2 -Winit-self -Wmissing-include-dirs -Wswitch-default -Wunknown-pragmas   conftest.c -lrt -lm  >&5
conftest.c:60:1: warning: function declaration isn't a prototype [-Wstrict-prototypes]
 main ()
 ^
configure:16199: $? = 0
configure:16199: ./conftest
configure:16199: $? = 0
configure:16209: result: yes
configure:16232: checking for stdlib.h
configure:16232: result: yes
configure:16242: checking for GNU libc compatible realloc
configure:16266: gcc -o conftest -g -O2 -Wextra -Wstrict-prototypes -Wmissing-prototypes -Wwrite-strings -Wno-variadic-macros -Wimport -Wfatal-errors -Wformat=2 -Winit-self -Wmissing-include-dirs -Wswitch-default -Wunknown-pragmas   conftest.c -lrt -lm  >&5
conftest.c:62:1: warning: function declaration isn't a prototype [-Wstrict-prototypes]
 main ()
 ^
configure:16266: $? = 0
configure:16266: ./conftest
configure:16266: $? = 0
configure:16276: result: yes
configure:16307: checking for time.h
configure:16307: gcc -c -g -O2 -Wextra -Wstrict-prototypes -Wmissing-prototypes -Wwrite-strings -Wno-variadic-macros -Wimport -Wfatal-errors -Wformat=2 -Winit-self -Wmissing-include-dirs -Wswitch-default -Wunknown-pragmas  conftest.c >&5
configure:16307: $? = 0
configure:16307: result: yes
configure:16307: checking for stdarg.h
configure:16307: gcc -c -g -O2 -Wextra -Wstrict-prototypes -Wmissing-prototypes -Wwrite-strings -Wno-variadic-macros -Wimport -Wfatal-errors -Wformat=2 -Winit-self -Wmissing-include-dirs -Wswitch-default -Wunknown-pragmas  conftest.c >&5
configure:16307: $? = 0
configure:16307: result: yes
configure:16307: checking for varargs.h
configure:16307: gcc -c -g -O2 -Wextra -Wstrict-prototypes -Wmissing-prototypes -Wwrite-strings -Wno-variadic-macros -Wimport -Wfatal-errors -Wformat=2 -Winit-self -Wmissing-include-dirs -Wswitch-default -Wunknown-pragmas  conftest.c >&5
In file included from conftest.c:92:0:
/usr/lib/gcc/x86_64-unknown-linux-gnu/5.2.0/include/varargs.h:4:2: error: #error "GCC no longer implements <varargs.h>."
 #error "GCC no longer implements <varargs.h>."
  ^
compilation terminated due to -Wfatal-errors.
configure:16307: $? = 1
configure: failed program was:
| /* confdefs.h */
| #define PACKAGE_NAME "Check"
| #define PACKAGE_TARNAME "check"
| #define PACKAGE_VERSION "0.10.0"
| #define PACKAGE_STRING "Check 0.10.0"
| #define PACKAGE_BUGREPORT "check-devel at lists dot sourceforge dot net"
| #define PACKAGE_URL ""
| #define PACKAGE "check"
| #define VERSION "0.10.0"
| #define STDC_HEADERS 1
| #define HAVE_SYS_TYPES_H 1
| #define HAVE_SYS_STAT_H 1
| #define HAVE_STDLIB_H 1
| #define HAVE_STRING_H 1
| #define HAVE_MEMORY_H 1
| #define HAVE_STRINGS_H 1
| #define HAVE_INTTYPES_H 1
| #define HAVE_STDINT_H 1
| #define HAVE_UNISTD_H 1
| #define __EXTENSIONS__ 1
| #define _ALL_SOURCE 1
| #define _GNU_SOURCE 1
| #define _POSIX_PTHREAD_SEMANTICS 1
| #define _TANDEM_SOURCE 1
| #define HAVE_DLFCN_H 1
| #define LT_OBJDIR ".libs/"
| #define HAVE_PTHREAD 1
| #define HAVE_LIBM 1
| #define HAVE_LIBRT 1
| #define HAVE_STRUCT_TIMESPEC_TV_SEC 1
| #define HAVE_STRUCT_TIMESPEC_TV_NSEC 1
| #define HAVE_STRUCT_ITIMERSPEC_IT_INTERVAL 1
| #define HAVE_STRUCT_ITIMERSPEC_IT_VALUE 1
| #define STDC_HEADERS 1
| #define HAVE_SYS_WAIT_H 1
| #define HAVE_FCNTL_H 1
| #define HAVE_STDDEF_H 1
| #define HAVE_STDLIB_H 1
| #define HAVE_STRING_H 1
| #define HAVE_SYS_TIME_H 1
| #define HAVE_UNISTD_H 1
| #define ENABLE_SUBUNIT 0
| #define HAVE_LONG_LONG_INT 1
| #define HAVE_INTMAX_T 1
| #define HAVE_UNSIGNED_LONG_LONG_INT 1
| #define HAVE_UINTMAX_T 1
| #define TIME_WITH_SYS_TIME 1
| #define SIZEOF_INT 4
| #define SIZEOF_SHORT 2
| #define SIZEOF_LONG 8
| #define HAVE_STDLIB_H 1
| #define HAVE_MALLOC 1
| #define HAVE_STDLIB_H 1
| #define HAVE_REALLOC 1
| #define HAVE_TIME_H 1
| #define HAVE_STDARG_H 1
| /* end confdefs.h.  */
| #include <stdio.h>
| #ifdef HAVE_SYS_TYPES_H
| # include <sys/types.h>
| #endif
| #ifdef HAVE_SYS_STAT_H
| # include <sys/stat.h>
| #endif
| #ifdef STDC_HEADERS
| # include <stdlib.h>
| # include <stddef.h>
| #else
| # ifdef HAVE_STDLIB_H
| #  include <stdlib.h>
| # endif
| #endif
| #ifdef HAVE_STRING_H
| # if !defined STDC_HEADERS && defined HAVE_MEMORY_H
| #  include <memory.h>
| # endif
| # include <string.h>
| #endif
| #ifdef HAVE_STRINGS_H
| # include <strings.h>
| #endif
| #ifdef HAVE_INTTYPES_H
| # include <inttypes.h>
| #endif
| #ifdef HAVE_STDINT_H
| # include <stdint.h>
| #endif
| #ifdef HAVE_UNISTD_H
| # include <unistd.h>
| #endif
| 
| #include <varargs.h>
configure:16307: result: no
configure:16326: checking for timer_create
configure:16326: gcc -o conftest -g -O2 -Wextra -Wstrict-prototypes -Wmissing-prototypes -Wwrite-strings -Wno-variadic-macros -Wimport -Wfatal-errors -Wformat=2 -Winit-self -Wmissing-include-dirs -Wswitch-default -Wunknown-pragmas   conftest.c -lrt -lm  >&5
conftest.c:81:1: warning: function declaration isn't a prototype [-Wstrict-prototypes]
 char timer_create ();
 ^
conftest.c:90:1: warning: function declaration isn't a prototype [-Wstrict-prototypes]
 main ()
 ^
configure:16326: $? = 0
configure:16326: result: yes
configure:16334: checking if timer_create is supported on the system
configure:16372: gcc -o conftest -g -O2 -Wextra -Wstrict-prototypes -Wmissing-prototypes -Wwrite-strings -Wno-variadic-macros -Wimport -Wfatal-errors -Wformat=2 -Winit-self -Wmissing-include-dirs -Wswitch-default -Wunknown-pragmas   conftest.c -lrt -lm  >&5
conftest.c:62:17: warning: function declaration isn't a prototype [-Wstrict-prototypes]
      static int test_timer_create()
                 ^
conftest.c:79:1: warning: function declaration isn't a prototype [-Wstrict-prototypes]
 main ()
 ^
configure:16372: $? = 0
configure:16372: ./conftest
configure:16372: $? = 0
configure:16382: result: yes
configure:16497: checking for alarm
configure:16497: gcc -o conftest -g -O2 -Wextra -Wstrict-prototypes -Wmissing-prototypes -Wwrite-strings -Wno-variadic-macros -Wimport -Wfatal-errors -Wformat=2 -Winit-self -Wmissing-include-dirs -Wswitch-default -Wunknown-pragmas   conftest.c -lrt -lm  >&5
conftest.c:81:1: warning: function declaration isn't a prototype [-Wstrict-prototypes]
 char alarm ();
 ^
conftest.c:90:1: warning: function declaration isn't a prototype [-Wstrict-prototypes]
 main ()
 ^
configure:16497: $? = 0
configure:16497: result: yes
configure:16510: checking for clock_gettime
configure:16510: gcc -o conftest -g -O2 -Wextra -Wstrict-prototypes -Wmissing-prototypes -Wwrite-strings -Wno-variadic-macros -Wimport -Wfatal-errors -Wformat=2 -Winit-self -Wmissing-include-dirs -Wswitch-default -Wunknown-pragmas   conftest.c -lrt -lm  >&5
conftest.c:82:1: warning: function declaration isn't a prototype [-Wstrict-prototypes]
 char clock_gettime ();
 ^
conftest.c:91:1: warning: function declaration isn't a prototype [-Wstrict-prototypes]
 main ()
 ^
configure:16510: $? = 0
configure:16510: result: yes
configure:16523: checking for getline
configure:16523: gcc -o conftest -g -O2 -Wextra -Wstrict-prototypes -Wmissing-prototypes -Wwrite-strings -Wno-variadic-macros -Wimport -Wfatal-errors -Wformat=2 -Winit-self -Wmissing-include-dirs -Wswitch-default -Wunknown-pragmas   conftest.c -lrt -lm  >&5
conftest.c:83:1: warning: function declaration isn't a prototype [-Wstrict-prototypes]
 char getline ();
 ^
conftest.c:92:1: warning: function declaration isn't a prototype [-Wstrict-prototypes]
 main ()
 ^
configure:16523: $? = 0
configure:16523: result: yes
configure:16536: checking for gettimeofday
configure:16536: gcc -o conftest -g -O2 -Wextra -Wstrict-prototypes -Wmissing-prototypes -Wwrite-strings -Wno-variadic-macros -Wimport -Wfatal-errors -Wformat=2 -Winit-self -Wmissing-include-dirs -Wswitch-default -Wunknown-pragmas   conftest.c -lrt -lm  >&5
conftest.c:84:1: warning: function declaration isn't a prototype [-Wstrict-prototypes]
 char gettimeofday ();
 ^
conftest.c:93:1: warning: function declaration isn't a prototype [-Wstrict-prototypes]
 main ()
 ^
configure:16536: $? = 0
configure:16536: result: yes
configure:16549: checking for localtime_r
configure:16549: gcc -o conftest -g -O2 -Wextra -Wstrict-prototypes -Wmissing-prototypes -Wwrite-strings -Wno-variadic-macros -Wimport -Wfatal-errors -Wformat=2 -Winit-self -Wmissing-include-dirs -Wswitch-default -Wunknown-pragmas   conftest.c -lrt -lm  >&5
conftest.c:85:1: warning: function declaration isn't a prototype [-Wstrict-prototypes]
 char localtime_r ();
 ^
conftest.c:94:1: warning: function declaration isn't a prototype [-Wstrict-prototypes]
 main ()
 ^
configure:16549: $? = 0
configure:16549: result: yes
configure:16562: checking for strdup
configure:16562: gcc -o conftest -g -O2 -Wextra -Wstrict-prototypes -Wmissing-prototypes -Wwrite-strings -Wno-variadic-macros -Wimport -Wfatal-errors -Wformat=2 -Winit-self -Wmissing-include-dirs -Wswitch-default -Wunknown-pragmas   conftest.c -lrt -lm  >&5
conftest.c:86:1: warning: function declaration isn't a prototype [-Wstrict-prototypes]
 char strdup ();
 ^
conftest.c:86:6: warning: conflicting types for built-in function 'strdup'
 char strdup ();
      ^
conftest.c:95:1: warning: function declaration isn't a prototype [-Wstrict-prototypes]
 main ()
 ^
configure:16562: $? = 0
configure:16562: result: yes
configure:16575: checking for strsignal
configure:16575: gcc -o conftest -g -O2 -Wextra -Wstrict-prototypes -Wmissing-prototypes -Wwrite-strings -Wno-variadic-macros -Wimport -Wfatal-errors -Wformat=2 -Winit-self -Wmissing-include-dirs -Wswitch-default -Wunknown-pragmas   conftest.c -lrt -lm  >&5
conftest.c:87:1: warning: function declaration isn't a prototype [-Wstrict-prototypes]
 char strsignal ();
 ^
conftest.c:96:1: warning: function declaration isn't a prototype [-Wstrict-prototypes]
 main ()
 ^
configure:16575: $? = 0
configure:16575: result: yes
configure:16589: checking whether alarm is declared
configure:16589: gcc -c -g -O2 -Wextra -Wstrict-prototypes -Wmissing-prototypes -Wwrite-strings -Wno-variadic-macros -Wimport -Wfatal-errors -Wformat=2 -Winit-self -Wmissing-include-dirs -Wswitch-default -Wunknown-pragmas  conftest.c >&5
conftest.c:99:1: warning: function declaration isn't a prototype [-Wstrict-prototypes]
 main ()
 ^
configure:16589: $? = 0
configure:16589: result: yes
configure:16599: checking whether clock_gettime is declared
configure:16599: gcc -c -g -O2 -Wextra -Wstrict-prototypes -Wmissing-prototypes -Wwrite-strings -Wno-variadic-macros -Wimport -Wfatal-errors -Wformat=2 -Winit-self -Wmissing-include-dirs -Wswitch-default -Wunknown-pragmas  conftest.c >&5
conftest.c:100:1: warning: function declaration isn't a prototype [-Wstrict-prototypes]
 main ()
 ^
conftest.c: In function 'main':
conftest.c:106:10: error: 'clock_gettime' undeclared (first use in this function)
   (void) clock_gettime;
          ^
compilation terminated due to -Wfatal-errors.
configure:16599: $? = 1
configure: failed program was:
| /* confdefs.h */
| #define PACKAGE_NAME "Check"
| #define PACKAGE_TARNAME "check"
| #define PACKAGE_VERSION "0.10.0"
| #define PACKAGE_STRING "Check 0.10.0"
| #define PACKAGE_BUGREPORT "check-devel at lists dot sourceforge dot net"
| #define PACKAGE_URL ""
| #define PACKAGE "check"
| #define VERSION "0.10.0"
| #define STDC_HEADERS 1
| #define HAVE_SYS_TYPES_H 1
| #define HAVE_SYS_STAT_H 1
| #define HAVE_STDLIB_H 1
| #define HAVE_STRING_H 1
| #define HAVE_MEMORY_H 1
| #define HAVE_STRINGS_H 1
| #define HAVE_INTTYPES_H 1
| #define HAVE_STDINT_H 1
| #define HAVE_UNISTD_H 1
| #define __EXTENSIONS__ 1
| #define _ALL_SOURCE 1
| #define _GNU_SOURCE 1
| #define _POSIX_PTHREAD_SEMANTICS 1
| #define _TANDEM_SOURCE 1
| #define HAVE_DLFCN_H 1
| #define LT_OBJDIR ".libs/"
| #define HAVE_PTHREAD 1
| #define HAVE_LIBM 1
| #define HAVE_LIBRT 1
| #define HAVE_STRUCT_TIMESPEC_TV_SEC 1
| #define HAVE_STRUCT_TIMESPEC_TV_NSEC 1
| #define HAVE_STRUCT_ITIMERSPEC_IT_INTERVAL 1
| #define HAVE_STRUCT_ITIMERSPEC_IT_VALUE 1
| #define STDC_HEADERS 1
| #define HAVE_SYS_WAIT_H 1
| #define HAVE_FCNTL_H 1
| #define HAVE_STDDEF_H 1
| #define HAVE_STDLIB_H 1
| #define HAVE_STRING_H 1
| #define HAVE_SYS_TIME_H 1
| #define HAVE_UNISTD_H 1
| #define ENABLE_SUBUNIT 0
| #define HAVE_LONG_LONG_INT 1
| #define HAVE_INTMAX_T 1
| #define HAVE_UNSIGNED_LONG_LONG_INT 1
| #define HAVE_UINTMAX_T 1
| #define TIME_WITH_SYS_TIME 1
| #define SIZEOF_INT 4
| #define SIZEOF_SHORT 2
| #define SIZEOF_LONG 8
| #define HAVE_STDLIB_H 1
| #define HAVE_MALLOC 1
| #define HAVE_STDLIB_H 1
| #define HAVE_REALLOC 1
| #define HAVE_TIME_H 1
| #define HAVE_STDARG_H 1
| #define HAVE_ALARM 1
| #define HAVE_CLOCK_GETTIME 1
| #define HAVE_GETLINE 1
| #define HAVE_GETTIMEOFDAY 1
| #define HAVE_LOCALTIME_R 1
| #define HAVE_STRDUP 1
| #define HAVE_STRSIGNAL 1
| #define HAVE_DECL_ALARM 1
| /* end confdefs.h.  */
| #include <stdio.h>
| #ifdef HAVE_SYS_TYPES_H
| # include <sys/types.h>
| #endif
| #ifdef HAVE_SYS_STAT_H
| # include <sys/stat.h>
| #endif
| #ifdef STDC_HEADERS
| # include <stdlib.h>
| # include <stddef.h>
| #else
| # ifdef HAVE_STDLIB_H
| #  include <stdlib.h>
| # endif
| #endif
| #ifdef HAVE_STRING_H
| # if !defined STDC_HEADERS && defined HAVE_MEMORY_H
| #  include <memory.h>
| # endif
| # include <string.h>
| #endif
| #ifdef HAVE_STRINGS_H
| # include <strings.h>
| #endif
| #ifdef HAVE_INTTYPES_H
| # include <inttypes.h>
| #endif
| #ifdef HAVE_STDINT_H
| # include <stdint.h>
| #endif
| #ifdef HAVE_UNISTD_H
| # include <unistd.h>
| #endif
| int
| main ()
| {
| #ifndef clock_gettime
| #ifdef __cplusplus
|   (void) clock_gettime;
| #else
|   (void) clock_gettime;
| #endif
| #endif
| 
|   ;
|   return 0;
| }
configure:16599: result: no
configure:16609: checking whether getline gettimeofday is declared
configure:16609: gcc -c -g -O2 -Wextra -Wstrict-prototypes -Wmissing-prototypes -Wwrite-strings -Wno-variadic-macros -Wimport -Wfatal-errors -Wformat=2 -Winit-self -Wmissing-include-dirs -Wswitch-default -Wunknown-pragmas  conftest.c >&5
conftest.c:101:1: warning: function declaration isn't a prototype [-Wstrict-prototypes]
 main ()
 ^
conftest.c: In function 'main':
conftest.c:103:17: warning: extra tokens at end of #ifndef directive
 #ifndef getline gettimeofday
                 ^
conftest.c:107:18: error: expected ';' before 'gettimeofday'
   (void) getline gettimeofday;
                  ^
compilation terminated due to -Wfatal-errors.
configure:16609: $? = 1
configure: failed program was:
| /* confdefs.h */
| #define PACKAGE_NAME "Check"
| #define PACKAGE_TARNAME "check"
| #define PACKAGE_VERSION "0.10.0"
| #define PACKAGE_STRING "Check 0.10.0"
| #define PACKAGE_BUGREPORT "check-devel at lists dot sourceforge dot net"
| #define PACKAGE_URL ""
| #define PACKAGE "check"
| #define VERSION "0.10.0"
| #define STDC_HEADERS 1
| #define HAVE_SYS_TYPES_H 1
| #define HAVE_SYS_STAT_H 1
| #define HAVE_STDLIB_H 1
| #define HAVE_STRING_H 1
| #define HAVE_MEMORY_H 1
| #define HAVE_STRINGS_H 1
| #define HAVE_INTTYPES_H 1
| #define HAVE_STDINT_H 1
| #define HAVE_UNISTD_H 1
| #define __EXTENSIONS__ 1
| #define _ALL_SOURCE 1
| #define _GNU_SOURCE 1
| #define _POSIX_PTHREAD_SEMANTICS 1
| #define _TANDEM_SOURCE 1
| #define HAVE_DLFCN_H 1
| #define LT_OBJDIR ".libs/"
| #define HAVE_PTHREAD 1
| #define HAVE_LIBM 1
| #define HAVE_LIBRT 1
| #define HAVE_STRUCT_TIMESPEC_TV_SEC 1
| #define HAVE_STRUCT_TIMESPEC_TV_NSEC 1
| #define HAVE_STRUCT_ITIMERSPEC_IT_INTERVAL 1
| #define HAVE_STRUCT_ITIMERSPEC_IT_VALUE 1
| #define STDC_HEADERS 1
| #define HAVE_SYS_WAIT_H 1
| #define HAVE_FCNTL_H 1
| #define HAVE_STDDEF_H 1
| #define HAVE_STDLIB_H 1
| #define HAVE_STRING_H 1
| #define HAVE_SYS_TIME_H 1
| #define HAVE_UNISTD_H 1
| #define ENABLE_SUBUNIT 0
| #define HAVE_LONG_LONG_INT 1
| #define HAVE_INTMAX_T 1
| #define HAVE_UNSIGNED_LONG_LONG_INT 1
| #define HAVE_UINTMAX_T 1
| #define TIME_WITH_SYS_TIME 1
| #define SIZEOF_INT 4
| #define SIZEOF_SHORT 2
| #define SIZEOF_LONG 8
| #define HAVE_STDLIB_H 1
| #define HAVE_MALLOC 1
| #define HAVE_STDLIB_H 1
| #define HAVE_REALLOC 1
| #define HAVE_TIME_H 1
| #define HAVE_STDARG_H 1
| #define HAVE_ALARM 1
| #define HAVE_CLOCK_GETTIME 1
| #define HAVE_GETLINE 1
| #define HAVE_GETTIMEOFDAY 1
| #define HAVE_LOCALTIME_R 1
| #define HAVE_STRDUP 1
| #define HAVE_STRSIGNAL 1
| #define HAVE_DECL_ALARM 1
| #define HAVE_DECL_CLOCK_GETTIME 0
| /* end confdefs.h.  */
| #include <stdio.h>
| #ifdef HAVE_SYS_TYPES_H
| # include <sys/types.h>
| #endif
| #ifdef HAVE_SYS_STAT_H
| # include <sys/stat.h>
| #endif
| #ifdef STDC_HEADERS
| # include <stdlib.h>
| # include <stddef.h>
| #else
| # ifdef HAVE_STDLIB_H
| #  include <stdlib.h>
| # endif
| #endif
| #ifdef HAVE_STRING_H
| # if !defined STDC_HEADERS && defined HAVE_MEMORY_H
| #  include <memory.h>
| # endif
| # include <string.h>
| #endif
| #ifdef HAVE_STRINGS_H
| # include <strings.h>
| #endif
| #ifdef HAVE_INTTYPES_H
| # include <inttypes.h>
| #endif
| #ifdef HAVE_STDINT_H
| # include <stdint.h>
| #endif
| #ifdef HAVE_UNISTD_H
| # include <unistd.h>
| #endif
| int
| main ()
| {
| #ifndef getline gettimeofday
| #ifdef __cplusplus
|   (void) getline gettimeofday;
| #else
|   (void) getline gettimeofday;
| #endif
| #endif
| 
|   ;
|   return 0;
| }
configure:16609: result: no
configure:16619: checking whether localtime_r is declared
configure:16619: gcc -c -g -O2 -Wextra -Wstrict-prototypes -Wmissing-prototypes -Wwrite-strings -Wno-variadic-macros -Wimport -Wfatal-errors -Wformat=2 -Winit-self -Wmissing-include-dirs -Wswitch-default -Wunknown-pragmas  conftest.c >&5
conftest.c:102:1: warning: function declaration isn't a prototype [-Wstrict-prototypes]
 main ()
 ^
conftest.c: In function 'main':
conftest.c:108:10: error: 'localtime_r' undeclared (first use in this function)
   (void) localtime_r;
          ^
compilation terminated due to -Wfatal-errors.
configure:16619: $? = 1
configure: failed program was:
| /* confdefs.h */
| #define PACKAGE_NAME "Check"
| #define PACKAGE_TARNAME "check"
| #define PACKAGE_VERSION "0.10.0"
| #define PACKAGE_STRING "Check 0.10.0"
| #define PACKAGE_BUGREPORT "check-devel at lists dot sourceforge dot net"
| #define PACKAGE_URL ""
| #define PACKAGE "check"
| #define VERSION "0.10.0"
| #define STDC_HEADERS 1
| #define HAVE_SYS_TYPES_H 1
| #define HAVE_SYS_STAT_H 1
| #define HAVE_STDLIB_H 1
| #define HAVE_STRING_H 1
| #define HAVE_MEMORY_H 1
| #define HAVE_STRINGS_H 1
| #define HAVE_INTTYPES_H 1
| #define HAVE_STDINT_H 1
| #define HAVE_UNISTD_H 1
| #define __EXTENSIONS__ 1
| #define _ALL_SOURCE 1
| #define _GNU_SOURCE 1
| #define _POSIX_PTHREAD_SEMANTICS 1
| #define _TANDEM_SOURCE 1
| #define HAVE_DLFCN_H 1
| #define LT_OBJDIR ".libs/"
| #define HAVE_PTHREAD 1
| #define HAVE_LIBM 1
| #define HAVE_LIBRT 1
| #define HAVE_STRUCT_TIMESPEC_TV_SEC 1
| #define HAVE_STRUCT_TIMESPEC_TV_NSEC 1
| #define HAVE_STRUCT_ITIMERSPEC_IT_INTERVAL 1
| #define HAVE_STRUCT_ITIMERSPEC_IT_VALUE 1
| #define STDC_HEADERS 1
| #define HAVE_SYS_WAIT_H 1
| #define HAVE_FCNTL_H 1
| #define HAVE_STDDEF_H 1
| #define HAVE_STDLIB_H 1
| #define HAVE_STRING_H 1
| #define HAVE_SYS_TIME_H 1
| #define HAVE_UNISTD_H 1
| #define ENABLE_SUBUNIT 0
| #define HAVE_LONG_LONG_INT 1
| #define HAVE_INTMAX_T 1
| #define HAVE_UNSIGNED_LONG_LONG_INT 1
| #define HAVE_UINTMAX_T 1
| #define TIME_WITH_SYS_TIME 1
| #define SIZEOF_INT 4
| #define SIZEOF_SHORT 2
| #define SIZEOF_LONG 8
| #define HAVE_STDLIB_H 1
| #define HAVE_MALLOC 1
| #define HAVE_STDLIB_H 1
| #define HAVE_REALLOC 1
| #define HAVE_TIME_H 1
| #define HAVE_STDARG_H 1
| #define HAVE_ALARM 1
| #define HAVE_CLOCK_GETTIME 1
| #define HAVE_GETLINE 1
| #define HAVE_GETTIMEOFDAY 1
| #define HAVE_LOCALTIME_R 1
| #define HAVE_STRDUP 1
| #define HAVE_STRSIGNAL 1
| #define HAVE_DECL_ALARM 1
| #define HAVE_DECL_CLOCK_GETTIME 0
| #define HAVE_DECL_GETLINE_GETTIMEOFDAY 0
| /* end confdefs.h.  */
| #include <stdio.h>
| #ifdef HAVE_SYS_TYPES_H
| # include <sys/types.h>
| #endif
| #ifdef HAVE_SYS_STAT_H
| # include <sys/stat.h>
| #endif
| #ifdef STDC_HEADERS
| # include <stdlib.h>
| # include <stddef.h>
| #else
| # ifdef HAVE_STDLIB_H
| #  include <stdlib.h>
| # endif
| #endif
| #ifdef HAVE_STRING_H
| # if !defined STDC_HEADERS && defined HAVE_MEMORY_H
| #  include <memory.h>
| # endif
| # include <string.h>
| #endif
| #ifdef HAVE_STRINGS_H
| # include <strings.h>
| #endif
| #ifdef HAVE_INTTYPES_H
| # include <inttypes.h>
| #endif
| #ifdef HAVE_STDINT_H
| # include <stdint.h>
| #endif
| #ifdef HAVE_UNISTD_H
| # include <unistd.h>
| #endif
| int
| main ()
| {
| #ifndef localtime_r
| #ifdef __cplusplus
|   (void) localtime_r;
| #else
|   (void) localtime_r;
| #endif
| #endif
| 
|   ;
|   return 0;
| }
configure:16619: result: no
configure:16629: checking whether strdup is declared
configure:16629: gcc -c -g -O2 -Wextra -Wstrict-prototypes -Wmissing-prototypes -Wwrite-strings -Wno-variadic-macros -Wimport -Wfatal-errors -Wformat=2 -Winit-self -Wmissing-include-dirs -Wswitch-default -Wunknown-pragmas  conftest.c >&5
conftest.c:103:1: warning: function declaration isn't a prototype [-Wstrict-prototypes]
 main ()
 ^
configure:16629: $? = 0
configure:16629: result: yes
configure:16639: checking whether strsignal is declared
configure:16639: gcc -c -g -O2 -Wextra -Wstrict-prototypes -Wmissing-prototypes -Wwrite-strings -Wno-variadic-macros -Wimport -Wfatal-errors -Wformat=2 -Winit-self -Wmissing-include-dirs -Wswitch-default -Wunknown-pragmas  conftest.c >&5
conftest.c:104:1: warning: function declaration isn't a prototype [-Wstrict-prototypes]
 main ()
 ^
configure:16639: $? = 0
configure:16639: result: yes
configure:16653: checking whether setenv is declared
configure:16653: gcc -c -g -O2 -Wextra -Wstrict-prototypes -Wmissing-prototypes -Wwrite-strings -Wno-variadic-macros -Wimport -Wfatal-errors -Wformat=2 -Winit-self -Wmissing-include-dirs -Wswitch-default -Wunknown-pragmas  conftest.c >&5
conftest.c:105:1: warning: function declaration isn't a prototype [-Wstrict-prototypes]
 main ()
 ^
configure:16653: $? = 0
configure:16653: result: yes
configure:16667: checking for setitimer
configure:16667: gcc -o conftest -g -O2 -Wextra -Wstrict-prototypes -Wmissing-prototypes -Wwrite-strings -Wno-variadic-macros -Wimport -Wfatal-errors -Wformat=2 -Winit-self -Wmissing-include-dirs -Wswitch-default -Wunknown-pragmas   conftest.c -lrt -lm  >&5
conftest.c:95:1: warning: function declaration isn't a prototype [-Wstrict-prototypes]
 char setitimer ();
 ^
conftest.c:104:1: warning: function declaration isn't a prototype [-Wstrict-prototypes]
 main ()
 ^
configure:16667: $? = 0
configure:16667: result: yes
configure:16681: checking for fork
configure:16681: gcc -o conftest -g -O2 -Wextra -Wstrict-prototypes -Wmissing-prototypes -Wwrite-strings -Wno-variadic-macros -Wimport -Wfatal-errors -Wformat=2 -Winit-self -Wmissing-include-dirs -Wswitch-default -Wunknown-pragmas   conftest.c -lrt -lm  >&5
conftest.c:96:1: warning: function declaration isn't a prototype [-Wstrict-prototypes]
 char fork ();
 ^
conftest.c:96:6: warning: conflicting types for built-in function 'fork'
 char fork ();
      ^
conftest.c:105:1: warning: function declaration isn't a prototype [-Wstrict-prototypes]
 main ()
 ^
configure:16681: $? = 0
configure:16681: result: yes
configure:16698: checking for sigaction
configure:16698: gcc -o conftest -g -O2 -Wextra -Wstrict-prototypes -Wmissing-prototypes -Wwrite-strings -Wno-variadic-macros -Wimport -Wfatal-errors -Wformat=2 -Winit-self -Wmissing-include-dirs -Wswitch-default -Wunknown-pragmas   conftest.c -lrt -lm  >&5
conftest.c:97:1: warning: function declaration isn't a prototype [-Wstrict-prototypes]
 char sigaction ();
 ^
conftest.c:106:1: warning: function declaration isn't a prototype [-Wstrict-prototypes]
 main ()
 ^
configure:16698: $? = 0
configure:16698: result: yes
configure:16709: checking for mkstemp
configure:16709: gcc -o conftest -g -O2 -Wextra -Wstrict-prototypes -Wmissing-prototypes -Wwrite-strings -Wno-variadic-macros -Wimport -Wfatal-errors -Wformat=2 -Winit-self -Wmissing-include-dirs -Wswitch-default -Wunknown-pragmas   conftest.c -lrt -lm  >&5
conftest.c:98:1: warning: function declaration isn't a prototype [-Wstrict-prototypes]
 char mkstemp ();
 ^
conftest.c:107:1: warning: function declaration isn't a prototype [-Wstrict-prototypes]
 main ()
 ^
configure:16709: $? = 0
configure:16709: result: yes
configure:16729: checking for vsnprintf
configure:16729: gcc -o conftest -g -O2 -Wextra -Wstrict-prototypes -Wmissing-prototypes -Wwrite-strings -Wno-variadic-macros -Wimport -Wfatal-errors -Wformat=2 -Winit-self -Wmissing-include-dirs -Wswitch-default -Wunknown-pragmas   conftest.c -lrt -lm  >&5
conftest.c:99:1: warning: function declaration isn't a prototype [-Wstrict-prototypes]
 char vsnprintf ();
 ^
conftest.c:99:6: warning: conflicting types for built-in function 'vsnprintf'
 char vsnprintf ();
      ^
conftest.c:108:1: warning: function declaration isn't a prototype [-Wstrict-prototypes]
 main ()
 ^
configure:16729: $? = 0
configure:16729: result: yes
configure:16737: checking whether vsnprintf is C99 compliant
configure:16772: gcc -o conftest -g -O2 -Wextra -Wstrict-prototypes -Wmissing-prototypes -Wwrite-strings -Wno-variadic-macros -Wimport -Wfatal-errors -Wformat=2 -Winit-self -Wmissing-include-dirs -Wswitch-default -Wunknown-pragmas   conftest.c -lrt -lm  >&5
conftest.c:90:1: warning: function declaration isn't a prototype [-Wstrict-prototypes]
 main ()
 ^
configure:16772: $? = 0
configure:16772: ./conftest
configure:16772: $? = 0
configure:16782: result: yes
configure:17228: checking for snprintf
configure:17228: gcc -o conftest -g -O2 -Wextra -Wstrict-prototypes -Wmissing-prototypes -Wwrite-strings -Wno-variadic-macros -Wimport -Wfatal-errors -Wformat=2 -Winit-self -Wmissing-include-dirs -Wswitch-default -Wunknown-pragmas   conftest.c -lrt -lm  >&5
conftest.c:100:1: warning: function declaration isn't a prototype [-Wstrict-prototypes]
 char snprintf ();
 ^
conftest.c:100:6: warning: conflicting types for built-in function 'snprintf'
 char snprintf ();
      ^
conftest.c:109:1: warning: function declaration isn't a prototype [-Wstrict-prototypes]
 main ()
 ^
configure:17228: $? = 0
configure:17228: result: yes
configure:17236: checking whether snprintf is C99 compliant
configure:17259: gcc -o conftest -g -O2 -Wextra -Wstrict-prototypes -Wmissing-prototypes -Wwrite-strings -Wno-variadic-macros -Wimport -Wfatal-errors -Wformat=2 -Winit-self -Wmissing-include-dirs -Wswitch-default -Wunknown-pragmas   conftest.c -lrt -lm  >&5
conftest.c:79:1: warning: function declaration isn't a prototype [-Wstrict-prototypes]
 main ()
 ^
configure:17259: $? = 0
configure:17259: ./conftest
configure:17259: $? = 0
configure:17269: result: yes
configure:17393: checking for vasprintf
configure:17393: gcc -o conftest -g -O2 -Wextra -Wstrict-prototypes -Wmissing-prototypes -Wwrite-strings -Wno-variadic-macros -Wimport -Wfatal-errors -Wformat=2 -Winit-self -Wmissing-include-dirs -Wswitch-default -Wunknown-pragmas   conftest.c -lrt -lm  >&5
conftest.c:101:1: warning: function declaration isn't a prototype [-Wstrict-prototypes]
 char vasprintf ();
 ^
conftest.c:110:1: warning: function declaration isn't a prototype [-Wstrict-prototypes]
 main ()
 ^
configure:17393: $? = 0
configure:17393: result: yes
configure:17612: checking for asprintf
configure:17612: gcc -o conftest -g -O2 -Wextra -Wstrict-prototypes -Wmissing-prototypes -Wwrite-strings -Wno-variadic-macros -Wimport -Wfatal-errors -Wformat=2 -Winit-self -Wmissing-include-dirs -Wswitch-default -Wunknown-pragmas   conftest.c -lrt -lm  >&5
conftest.c:102:1: warning: function declaration isn't a prototype [-Wstrict-prototypes]
 char asprintf ();
 ^
conftest.c:111:1: warning: function declaration isn't a prototype [-Wstrict-prototypes]
 main ()
 ^
configure:17612: $? = 0
configure:17612: result: yes
configure:17733: checking for gawk
configure:17751: found /usr/bin/gawk
configure:17764: result: /usr/bin/gawk
configure:17960: creating ./config.status

## ---------------- ##
## Cache variables. ##
## ---------------- ##

ac_cv_build=x86_64-unknown-linux-gnu
ac_cv_c_compiler_gnu=yes
ac_cv_c_const=yes
ac_cv_c_uint32_t=yes
ac_cv_env_AWK_PATH_set=
ac_cv_env_AWK_PATH_value=
ac_cv_env_CC_set=
ac_cv_env_CC_value=
ac_cv_env_CFLAGS_set=
ac_cv_env_CFLAGS_value=
ac_cv_env_CPPFLAGS_set=
ac_cv_env_CPPFLAGS_value=
ac_cv_env_CPP_set=
ac_cv_env_CPP_value=
ac_cv_env_LDFLAGS_set=
ac_cv_env_LDFLAGS_value=
ac_cv_env_LIBSUBUNIT_CFLAGS_set=
ac_cv_env_LIBSUBUNIT_CFLAGS_value=
ac_cv_env_LIBSUBUNIT_LIBS_set=
ac_cv_env_LIBSUBUNIT_LIBS_value=
ac_cv_env_LIBS_set=
ac_cv_env_LIBS_value=
ac_cv_env_PKG_CONFIG_LIBDIR_set=
ac_cv_env_PKG_CONFIG_LIBDIR_value=
ac_cv_env_PKG_CONFIG_PATH_set=
ac_cv_env_PKG_CONFIG_PATH_value=
ac_cv_env_PKG_CONFIG_set=
ac_cv_env_PKG_CONFIG_value=
ac_cv_env_build_alias_set=
ac_cv_env_build_alias_value=
ac_cv_env_host_alias_set=
ac_cv_env_host_alias_value=
ac_cv_env_target_alias_set=
ac_cv_env_target_alias_value=
ac_cv_func_alarm=yes
ac_cv_func_asprintf=yes
ac_cv_func_clock_gettime=yes
ac_cv_func_fork=yes
ac_cv_func_getline=yes
ac_cv_func_gettimeofday=yes
ac_cv_func_localtime_r=yes
ac_cv_func_malloc_0_nonnull=yes
ac_cv_func_mkstemp=yes
ac_cv_func_realloc_0_nonnull=yes
ac_cv_func_setitimer=yes
ac_cv_func_sigaction=yes
ac_cv_func_snprintf=yes
ac_cv_func_strdup=yes
ac_cv_func_strsignal=yes
ac_cv_func_timer_create=yes
ac_cv_func_vasprintf=yes
ac_cv_func_vsnprintf=yes
ac_cv_have_decl_alarm=yes
ac_cv_have_decl_clock_gettime=no
ac_cv_have_decl_getline_gettimeofday=no
ac_cv_have_decl_localtime_r=no
ac_cv_have_decl_setenv=yes
ac_cv_have_decl_strdup=yes
ac_cv_have_decl_strsignal=yes
ac_cv_header_dlfcn_h=yes
ac_cv_header_fcntl_h=yes
ac_cv_header_inttypes_h=yes
ac_cv_header_memory_h=yes
ac_cv_header_minix_config_h=no
ac_cv_header_stdarg_h=yes
ac_cv_header_stdc=yes
ac_cv_header_stddef_h=yes
ac_cv_header_stdint=stdint.h
ac_cv_header_stdint_h=yes
ac_cv_header_stdint_t=stdint.h
ac_cv_header_stdlib_h=yes
ac_cv_header_string_h=yes
ac_cv_header_strings_h=yes
ac_cv_header_sys_stat_h=yes
ac_cv_header_sys_time_h=yes
ac_cv_header_sys_types_h=yes
ac_cv_header_sys_wait_h=yes
ac_cv_header_time=yes
ac_cv_header_time_h=yes
ac_cv_header_unistd_h=yes
ac_cv_header_varargs_h=no
ac_cv_host=x86_64-unknown-linux-gnu
ac_cv_lib_m_floor=yes
ac_cv_lib_rt_clock_gettime__timer_create__timer_settime__timer_delete=yes
ac_cv_member_struct_itimerspec_it_interval=yes
ac_cv_member_struct_itimerspec_it_value=yes
ac_cv_member_struct_timespec_tv_nsec=yes
ac_cv_member_struct_timespec_tv_sec=yes
ac_cv_objext=o
ac_cv_path_AWK_PATH=/usr/bin/gawk
ac_cv_path_EGREP='/usr/bin/grep -E'
ac_cv_path_FGREP='/usr/bin/grep -F'
ac_cv_path_GREP=/usr/bin/grep
ac_cv_path_SED=/usr/bin/sed
ac_cv_path_ac_pt_PKG_CONFIG=/usr/bin/pkg-config
ac_cv_path_install='/usr/bin/install -c'
ac_cv_path_mkdir=/usr/bin/mkdir
ac_cv_prog_AWK=gawk
ac_cv_prog_CPP='gcc -E'
ac_cv_prog_GCOV=gcov
ac_cv_prog_ac_ct_AR=ar
ac_cv_prog_ac_ct_CC=gcc
ac_cv_prog_ac_ct_OBJDUMP=objdump
ac_cv_prog_ac_ct_RANLIB=ranlib
ac_cv_prog_ac_ct_STRIP=strip
ac_cv_prog_cc_c89=
ac_cv_prog_cc_g=yes
ac_cv_prog_cc_gcc_c_o=yes
ac_cv_prog_make_make_set=yes
ac_cv_safe_to_define___extensions__=yes
ac_cv_sizeof_int=4
ac_cv_sizeof_long=8
ac_cv_sizeof_short=2
ac_cv_stdint_message='using gnu compiler gcc (GCC) 5.2.0'
ac_cv_stdint_result='(assuming C99 compatible system)'
ac_cv_struct_tm=time.h
ac_cv_type_clockid_t=yes
ac_cv_type_intmax_t=yes
ac_cv_type_long_long_int=yes
ac_cv_type_pid_t=yes
ac_cv_type_size_t=yes
ac_cv_type_timer_t=yes
ac_cv_type_uintmax_t=yes
ac_cv_type_unsigned_long_long_int=yes
am_cv_CC_dependencies_compiler_type=gcc3
am_cv_ar_interface=ar
am_cv_make_support_nested_variables=yes
ax_cv_c_check_flag__Wextra=yes
ax_cv_c_check_flag__Wfatal_errors=yes
ax_cv_c_check_flag__Wformat_2=yes
ax_cv_c_check_flag__Wimport=yes
ax_cv_c_check_flag__Winit_self=yes
ax_cv_c_check_flag__Wmissing_include_dirs=yes
ax_cv_c_check_flag__Wmissing_prototypes=yes
ax_cv_c_check_flag__Wno_variadic_macros=yes
ax_cv_c_check_flag__Wstrict_prototypes=yes
ax_cv_c_check_flag__Wswitch_default=yes
ax_cv_c_check_flag__Wunknown_pragmas=yes
ax_cv_c_check_flag__Wwrite_strings=yes
hw_cv_func_asprintf=yes
hw_cv_func_snprintf=yes
hw_cv_func_snprintf_c99=yes
hw_cv_func_vasprintf=yes
hw_cv_func_vsnprintf=yes
hw_cv_func_vsnprintf_c99=yes
hw_cv_librt_timers=yes
hw_cv_librt_timers_posix=yes
lt_cv_ar_at_file=@
lt_cv_archive_cmds_need_lc=no
lt_cv_deplibs_check_method=pass_all
lt_cv_file_magic_cmd='$MAGIC_CMD'
lt_cv_file_magic_test_file=
lt_cv_ld_reload_flag=-r
lt_cv_nm_interface='BSD nm'
lt_cv_objdir=.libs
lt_cv_path_LD=/usr/bin/ld
lt_cv_path_NM='/usr/bin/nm -B'
lt_cv_path_mainfest_tool=no
lt_cv_prog_compiler_c_o=yes
lt_cv_prog_compiler_pic='-fPIC -DPIC'
lt_cv_prog_compiler_pic_works=yes
lt_cv_prog_compiler_rtti_exceptions=no
lt_cv_prog_compiler_static_works=yes
lt_cv_prog_gnu_ld=yes
lt_cv_sharedlib_from_linklib_cmd='printf %s\n'
lt_cv_shlibpath_overrides_runpath=no
lt_cv_sys_global_symbol_pipe='sed -n -e '\''s/^.*[	 ]\([ABCDGIRSTW][ABCDGIRSTW]*\)[	 ][	 ]*\([_A-Za-z][_A-Za-z0-9]*\)$/\1 \2 \2/p'\'' | sed '\''/ __gnu_lto/d'\'''
lt_cv_sys_global_symbol_to_c_name_address='sed -n -e '\''s/^: \([^ ]*\)[ ]*$/  {\"\1\", (void *) 0},/p'\'' -e '\''s/^[ABCDGIRSTW]* \([^ ]*\) \([^ ]*\)$/  {"\2", (void *) \&\2},/p'\'''
lt_cv_sys_global_symbol_to_c_name_address_lib_prefix='sed -n -e '\''s/^: \([^ ]*\)[ ]*$/  {\"\1\", (void *) 0},/p'\'' -e '\''s/^[ABCDGIRSTW]* \([^ ]*\) \(lib[^ ]*\)$/  {"\2", (void *) \&\2},/p'\'' -e '\''s/^[ABCDGIRSTW]* \([^ ]*\) \([^ ]*\)$/  {"lib\2", (void *) \&\2},/p'\'''
lt_cv_sys_global_symbol_to_cdecl='sed -n -e '\''s/^T .* \(.*\)$/extern int \1();/p'\'' -e '\''s/^[ABCDGIRSTW]* .* \(.*\)$/extern char \1;/p'\'''
lt_cv_sys_max_cmd_len=1572864
lt_cv_to_host_file_cmd=func_convert_file_noop
lt_cv_to_tool_file_cmd=func_convert_file_noop

## ----------------- ##
## Output variables. ##
## ----------------- ##

ACLOCAL='${SHELL} /home/n0iz/lem_in/tests/check/build-aux/missing --run aclocal-1.11'
AMDEPBACKSLASH='\'
AMDEP_FALSE='#'
AMDEP_TRUE=''
AMTAR='$${TAR-tar}'
AM_BACKSLASH='\'
AM_DEFAULT_V='$(AM_DEFAULT_VERBOSITY)'
AM_DEFAULT_VERBOSITY='1'
AM_V='$(V)'
AR='ar'
AUTOCONF='${SHELL} /home/n0iz/lem_in/tests/check/build-aux/missing --run autoconf'
AUTOHEADER='${SHELL} /home/n0iz/lem_in/tests/check/build-aux/missing --run autoheader'
AUTOMAKE='${SHELL} /home/n0iz/lem_in/tests/check/build-aux/missing --run automake-1.11'
AWK='gawk'
AWK_GSUB_DBL_BSLASH='\\\\'
AWK_PATH='/usr/bin/gawk'
CC='gcc'
CCDEPMODE='depmode=gcc3'
CFLAGS='-g -O2 -Wextra -Wstrict-prototypes -Wmissing-prototypes -Wwrite-strings -Wno-variadic-macros -Wimport -Wfatal-errors -Wformat=2 -Winit-self -Wmissing-include-dirs -Wswitch-default -Wunknown-pragmas'
CHECK_MAJOR_VERSION='0'
CHECK_MICRO_VERSION='0'
CHECK_MINOR_VERSION='10'
CHECK_VERSION='0.10.0'
CPP='gcc -E'
CPPFLAGS=''
CYGPATH_W='echo'
DEFS='-DHAVE_CONFIG_H'
DEPDIR='.deps'
DLLTOOL='false'
DSYMUTIL=''
DUMPBIN=''
ECHO_C=''
ECHO_N='-n'
ECHO_T=''
EGREP='/usr/bin/grep -E'
ENABLE_GCOV_FALSE=''
ENABLE_GCOV_TRUE='#'
ENABLE_SUBUNIT='0'
EXEEXT=''
FGREP='/usr/bin/grep -F'
GCOV='gcov'
GCOV_CFLAGS=''
GCOV_LIBS=''
GENHTML='false'
GREP='/usr/bin/grep'
HAVE_FORK='1'
INSTALL_CHECKMK_FALSE='#'
INSTALL_CHECKMK_TRUE=''
INSTALL_DATA='${INSTALL} -m 644'
INSTALL_PROGRAM='${INSTALL}'
INSTALL_SCRIPT='${INSTALL}'
INSTALL_STRIP_PROGRAM='$(install_sh) -c -s'
LCOV='false'
LD='/usr/bin/ld -m elf_x86_64'
LDFLAGS=''
LIBOBJS=''
LIBS='-lrt -lm '
LIBSUBUNIT_CFLAGS=''
LIBSUBUNIT_LIBS=''
LIBSUBUNIT_PC=''
LIBTOOL='$(SHELL) $(top_builddir)/libtool'
LIPO=''
LN_S='ln -s'
LTLIBOBJS=''
MAKEINFO='${SHELL} /home/n0iz/lem_in/tests/check/build-aux/missing --run makeinfo'
MANIFEST_TOOL=':'
MKDIR_P='/usr/bin/mkdir -p'
NM='/usr/bin/nm -B'
NMEDIT=''
NO_TIMEOUT_TESTS_FALSE=''
NO_TIMEOUT_TESTS_TRUE='#'
OBJDUMP='objdump'
OBJEXT='o'
OTOOL64=''
OTOOL=''
PACKAGE='check'
PACKAGE_BUGREPORT='check-devel at lists dot sourceforge dot net'
PACKAGE_NAME='Check'
PACKAGE_STRING='Check 0.10.0'
PACKAGE_TARNAME='check'
PACKAGE_URL=''
PACKAGE_VERSION='0.10.0'
PATH_SEPARATOR=':'
PKG_CONFIG='/usr/bin/pkg-config'
PKG_CONFIG_LIBDIR=''
PKG_CONFIG_PATH=''
PTHREAD_CC='gcc'
PTHREAD_CFLAGS='-pthread'
PTHREAD_LIBS=''
RANLIB='ranlib'
SED='/usr/bin/sed'
SET_MAKE=''
SHELL='/bin/sh'
STRIP='strip'
SUBUNIT_FALSE=''
SUBUNIT_TRUE='#'
TEX='false'
VERSION='0.10.0'
ac_ct_AR='ar'
ac_ct_CC='gcc'
ac_ct_DUMPBIN=''
acx_pthread_config=''
am__EXEEXT_FALSE=''
am__EXEEXT_TRUE='#'
am__fastdepCC_FALSE='#'
am__fastdepCC_TRUE=''
am__include='include'
am__isrc=''
am__leading_dot='.'
am__nodep='_no'
am__quote=''
am__tar='$${TAR-tar} chof - "$$tardir"'
am__untar='$${TAR-tar} xf -'
bindir='${exec_prefix}/bin'
build='x86_64-unknown-linux-gnu'
build_alias=''
build_cpu='x86_64'
build_os='linux-gnu'
build_vendor='unknown'
datadir='${datarootdir}'
datarootdir='${prefix}/share'
docdir='${datarootdir}/doc/${PACKAGE_TARNAME}'
dvidir='${docdir}'
exec_prefix='${prefix}'
host='x86_64-unknown-linux-gnu'
host_alias=''
host_cpu='x86_64'
host_os='linux-gnu'
host_vendor='unknown'
htmldir='${docdir}'
includedir='${prefix}/include'
infodir='${datarootdir}/info'
install_sh='${SHELL} /home/n0iz/lem_in/tests/check/build-aux/install-sh'
libdir='${exec_prefix}/lib'
libexecdir='${exec_prefix}/libexec'
localedir='${datarootdir}/locale'
localstatedir='${prefix}/var'
mandir='${datarootdir}/man'
mkdir_p='/usr/bin/mkdir -p'
oldincludedir='/usr/include'
pdfdir='${docdir}'
prefix='/usr/local'
program_transform_name='s,x,x,'
psdir='${docdir}'
sbindir='${exec_prefix}/sbin'
sharedstatedir='${prefix}/com'
sysconfdir='${prefix}/etc'
target_alias=''

## ----------- ##
## confdefs.h. ##
## ----------- ##

/* confdefs.h */
#define PACKAGE_NAME "Check"
#define PACKAGE_TARNAME "check"
#define PACKAGE_VERSION "0.10.0"
#define PACKAGE_STRING "Check 0.10.0"
#define PACKAGE_BUGREPORT "check-devel at lists dot sourceforge dot net"
#define PACKAGE_URL ""
#define PACKAGE "check"
#define VERSION "0.10.0"
#define STDC_HEADERS 1
#define HAVE_SYS_TYPES_H 1
#define HAVE_SYS_STAT_H 1
#define HAVE_STDLIB_H 1
#define HAVE_STRING_H 1
#define HAVE_MEMORY_H 1
#define HAVE_STRINGS_H 1
#define HAVE_INTTYPES_H 1
#define HAVE_STDINT_H 1
#define HAVE_UNISTD_H 1
#define __EXTENSIONS__ 1
#define _ALL_SOURCE 1
#define _GNU_SOURCE 1
#define _POSIX_PTHREAD_SEMANTICS 1
#define _TANDEM_SOURCE 1
#define HAVE_DLFCN_H 1
#define LT_OBJDIR ".libs/"
#define HAVE_PTHREAD 1
#define HAVE_LIBM 1
#define HAVE_LIBRT 1
#define HAVE_STRUCT_TIMESPEC_TV_SEC 1
#define HAVE_STRUCT_TIMESPEC_TV_NSEC 1
#define HAVE_STRUCT_ITIMERSPEC_IT_INTERVAL 1
#define HAVE_STRUCT_ITIMERSPEC_IT_VALUE 1
#define STDC_HEADERS 1
#define HAVE_SYS_WAIT_H 1
#define HAVE_FCNTL_H 1
#define HAVE_STDDEF_H 1
#define HAVE_STDLIB_H 1
#define HAVE_STRING_H 1
#define HAVE_SYS_TIME_H 1
#define HAVE_UNISTD_H 1
#define ENABLE_SUBUNIT 0
#define HAVE_LONG_LONG_INT 1
#define HAVE_INTMAX_T 1
#define HAVE_UNSIGNED_LONG_LONG_INT 1
#define HAVE_UINTMAX_T 1
#define TIME_WITH_SYS_TIME 1
#define SIZEOF_INT 4
#define SIZEOF_SHORT 2
#define SIZEOF_LONG 8
#define HAVE_STDLIB_H 1
#define HAVE_MALLOC 1
#define HAVE_STDLIB_H 1
#define HAVE_REALLOC 1
#define HAVE_TIME_H 1
#define HAVE_STDARG_H 1
#define HAVE_ALARM 1
#define HAVE_CLOCK_GETTIME 1
#define HAVE_GETLINE 1
#define HAVE_GETTIMEOFDAY 1
#define HAVE_LOCALTIME_R 1
#define HAVE_STRDUP 1
#define HAVE_STRSIGNAL 1
#define HAVE_DECL_ALARM 1
#define HAVE_DECL_CLOCK_GETTIME 0
#define HAVE_DECL_GETLINE_GETTIMEOFDAY 0
#define HAVE_DECL_LOCALTIME_R 0
#define HAVE_DECL_STRDUP 1
#define HAVE_DECL_STRSIGNAL 1
#define HAVE_DECL_SETENV 1
#define HAVE_SETITIMER 1
#define HAVE_FORK 1
#define HAVE_SIGACTION 1
#define HAVE_MKSTEMP 1
#define HAVE_VSNPRINTF 1
#define HAVE_SNPRINTF 1
#define HAVE_VASPRINTF 1
#define HAVE_ASPRINTF 1

configure: exit 0

## ---------------------- ##
## Running config.status. ##
## ---------------------- ##

This file was extended by Check config.status 0.10.0, which was
generated by GNU Autoconf 2.69.  Invocation command line was

  CONFIG_FILES    = 
  CONFIG_HEADERS  = 
  CONFIG_LINKS    = 
  CONFIG_COMMANDS = 
  $ ./config.status 

on nomad

config.status:1199: creating checkmk/checkmk
config.status:1199: creating check.pc
config.status:1199: creating Makefile
config.status:1199: creating checkmk/Makefile
config.status:1199: creating doc/Makefile
config.status:1199: creating lib/Makefile
config.status:1199: creating src/check.h
config.status:1199: creating src/Makefile
config.status:1199: creating tests/Makefile
config.status:1199: creating tests/test_vars
config.status:1199: creating config.h
config.status:1380: config.h is unchanged
config.status:1428: executing depfiles commands
config.status:1428: executing libtool commands
config.status:1428: executing check_stdint.h commands
config.status:2161: creating check_stdint.h : _CHECK_CHECK_STDINT_H
config.status:2593: check_stdint.h is unchanged
config.status:1428: executing checkmk-x commands

## ---------------------- ##
## Running config.status. ##
## ---------------------- ##

This file was extended by Check config.status 0.10.0, which was
generated by GNU Autoconf 2.69.  Invocation command line was

  CONFIG_FILES    = 
  CONFIG_HEADERS  = 
  CONFIG_LINKS    = 
  CONFIG_COMMANDS = 
  $ ./config.status config.h

on nomad

config.status:1199: creating config.h
config.status:1380: config.h is unchanged
